2013/07/09 15:58:23 [error] [exception.CHttpException.404] exception 'CHttpException' with message 'Unable to find the code you requested.' in E:\wamp\www\yii\framework\gii\CCodeGenerator.php:90
Stack trace:
#0 E:\wamp\www\yii\framework\web\actions\CInlineAction.php(49): CCodeGenerator->actionCode()
#1 E:\wamp\www\yii\framework\web\CController.php(308): CInlineAction->runWithParams(Array)
#2 E:\wamp\www\yii\framework\web\CController.php(286): CController->runAction(Object(CInlineAction))
#3 E:\wamp\www\yii\framework\web\CController.php(265): CController->runActionWithFilters(Object(CInlineAction), Array)
#4 E:\wamp\www\yii\framework\web\CWebApplication.php(282): CController->run('code')
#5 E:\wamp\www\yii\framework\web\CWebApplication.php(141): CWebApplication->runController('gii/model/code')
#6 E:\wamp\www\yii\framework\base\CApplication.php(169): CWebApplication->processRequest()
#7 E:\wamp\www\yii\newwebapp\index.php(13): CApplication->run()
#8 {main}
REQUEST_URI=/yii/newwebapp/index.php?r=gii/model/code&id=0
HTTP_REFERER=http://localhost/yii/newwebapp/index.php?r=gii/model
---
2013/07/09 16:36:43 [error] [exception.CHttpException.403] exception 'CHttpException' with message 'You are not authorized to perform this action.' in E:\wamp\www\yii\framework\web\auth\CAccessControlFilter.php:179
Stack trace:
#0 E:\wamp\www\yii\framework\web\auth\CAccessControlFilter.php(142): CAccessControlFilter->accessDenied(Object(CWebUser), 'You are not aut...')
#1 E:\wamp\www\yii\framework\web\filters\CFilter.php(38): CAccessControlFilter->preFilter(Object(CFilterChain))
#2 E:\wamp\www\yii\framework\web\CController.php(1145): CFilter->filter(Object(CFilterChain))
#3 E:\wamp\www\yii\framework\web\filters\CInlineFilter.php(58): CController->filterAccessControl(Object(CFilterChain))
#4 E:\wamp\www\yii\framework\web\filters\CFilterChain.php(130): CInlineFilter->filter(Object(CFilterChain))
#5 E:\wamp\www\yii\framework\web\CController.php(291): CFilterChain->run()
#6 E:\wamp\www\yii\framework\web\CController.php(265): CController->runActionWithFilters(Object(CInlineAction), Array)
#7 E:\wamp\www\yii\framework\web\CWebApplication.php(282): CController->run('admin')
#8 E:\wamp\www\yii\framework\web\CWebApplication.php(141): CWebApplication->runController('user/admin')
#9 E:\wamp\www\yii\framework\base\CApplication.php(169): CWebApplication->processRequest()
#10 E:\wamp\www\yii\newwebapp\index.php(13): CApplication->run()
#11 {main}
REQUEST_URI=/yii/newwebapp/index.php?r=user/admin
HTTP_REFERER=http://localhost/yii/newwebapp/index.php?r=site/login
---
2013/07/15 11:27:22 [error] [php] Missing argument 3 for CActiveForm::listBox(), called in E:\wamp\www\yii\newwebapp\protected\views\article\_form.php on line 20 and defined (E:\wamp\www\yii\framework\web\widgets\CActiveForm.php:777)
Stack trace:
#0 E:\wamp\www\yii\framework\web\CBaseController.php(95): ArticleController->renderInternal()
#1 E:\wamp\www\yii\framework\web\CController.php(869): ArticleController->renderFile()
#2 E:\wamp\www\yii\newwebapp\protected\views\article\create.php(18): ArticleController->renderPartial()
#3 E:\wamp\www\yii\framework\web\CBaseController.php(126): require()
#4 E:\wamp\www\yii\framework\web\CBaseController.php(95): ArticleController->renderInternal()
#5 E:\wamp\www\yii\framework\web\CController.php(869): ArticleController->renderFile()
#6 E:\wamp\www\yii\framework\web\CController.php(782): ArticleController->renderPartial()
#7 E:\wamp\www\yii\newwebapp\protected\controllers\ArticleController.php(79): ArticleController->render()
#8 E:\wamp\www\yii\framework\web\actions\CInlineAction.php(49): ArticleController->actionCreate()
#9 E:\wamp\www\yii\framework\web\CController.php(308): CInlineAction->runWithParams()
#10 E:\wamp\www\yii\framework\web\filters\CFilterChain.php(133): ArticleController->runAction()
#11 E:\wamp\www\yii\framework\web\filters\CFilter.php(40): CFilterChain->run()
#12 E:\wamp\www\yii\framework\web\CController.php(1145): CAccessControlFilter->filter()
#13 E:\wamp\www\yii\framework\web\filters\CInlineFilter.php(58): ArticleController->filterAccessControl()
#14 E:\wamp\www\yii\framework\web\filters\CFilterChain.php(130): CInlineFilter->filter()
#15 E:\wamp\www\yii\framework\web\CController.php(291): CFilterChain->run()
#16 E:\wamp\www\yii\framework\web\CController.php(265): ArticleController->runActionWithFilters()
#17 E:\wamp\www\yii\framework\web\CWebApplication.php(282): ArticleController->run()
#18 E:\wamp\www\yii\framework\web\CWebApplication.php(141): CWebApplication->runController()
#19 E:\wamp\www\yii\framework\base\CApplication.php(169): CWebApplication->processRequest()
#20 E:\wamp\www\yii\newwebapp\index.php(13): CWebApplication->run()
REQUEST_URI=/yii/newwebapp/index.php?r=article/create
in E:\wamp\www\yii\newwebapp\protected\views\article\_form.php (20)
in E:\wamp\www\yii\newwebapp\protected\views\article\create.php (18)
in E:\wamp\www\yii\newwebapp\protected\controllers\ArticleController.php (79)
2013/07/15 17:12:44 [error] [exception.CException] exception 'CException' with message 'Property "Article.header" is not defined.' in E:\wamp\www\yii\framework\base\CComponent.php:130
Stack trace:
#0 E:\wamp\www\yii\framework\db\ar\CActiveRecord.php(143): CComponent->__get('header')
#1 E:\wamp\www\yii\framework\web\helpers\CHtml.php(2255): CActiveRecord->__get('header')
#2 E:\wamp\www\yii\framework\web\helpers\CHtml.php(1980): CHtml::resolveValue(Object(Article), 'header')
#3 E:\wamp\www\yii\framework\web\helpers\CHtml.php(1257): CHtml::activeInputField('text', Object(Article), 'header', Array)
#4 E:\wamp\www\yii\framework\zii\widgets\grid\CDataColumn.php(97): CHtml::activeTextField(Object(Article), 'header', Array)
#5 E:\wamp\www\yii\framework\zii\widgets\grid\CGridColumn.php(109): CDataColumn->renderFilterCellContent()
#6 E:\wamp\www\yii\framework\zii\widgets\grid\CGridView.php(505): CGridColumn->renderFilterCell()
#7 E:\wamp\www\yii\framework\zii\widgets\grid\CGridView.php(483): CGridView->renderFilter()
#8 E:\wamp\www\yii\framework\zii\widgets\grid\CGridView.php(453): CGridView->renderTableHeader()
#9 E:\wamp\www\yii\framework\zii\widgets\CBaseListView.php(160): CGridView->renderItems()
#10 [internal function]: CBaseListView->renderSection(Array)
#11 E:\wamp\www\yii\framework\zii\widgets\CBaseListView.php(143): preg_replace_callback('/{(\w+)}/', Array, '{summary}?{item...')
#12 E:\wamp\www\yii\framework\zii\widgets\CBaseListView.php(128): CBaseListView->renderContent()
#13 E:\wamp\www\yii\framework\web\CBaseController.php(173): CBaseListView->run()
#14 E:\wamp\www\yii\newwebapp\protected\views\article\admin.php(58): CBaseController->widget('zii.widgets.gri...', Array)
#15 E:\wamp\www\yii\framework\web\CBaseController.php(126): require('E:\wamp\www\yii...')
#16 E:\wamp\www\yii\framework\web\CBaseController.php(95): CBaseController->renderInternal('E:\wamp\www\yii...', Array, true)
#17 E:\wamp\www\yii\framework\web\CController.php(869): CBaseController->renderFile('E:\wamp\www\yii...', Array, true)
#18 E:\wamp\www\yii\framework\web\CController.php(782): CController->renderPartial('admin', Array, true)
#19 E:\wamp\www\yii\newwebapp\protected\controllers\ArticleController.php(143): CController->render('admin', Array)
#20 E:\wamp\www\yii\framework\web\actions\CInlineAction.php(49): ArticleController->actionAdmin()
#21 E:\wamp\www\yii\framework\web\CController.php(308): CInlineAction->runWithParams(Array)
#22 E:\wamp\www\yii\framework\web\filters\CFilterChain.php(133): CController->runAction(Object(CInlineAction))
#23 E:\wamp\www\yii\framework\web\filters\CFilter.php(40): CFilterChain->run()
#24 E:\wamp\www\yii\framework\web\CController.php(1145): CFilter->filter(Object(CFilterChain))
#25 E:\wamp\www\yii\framework\web\filters\CInlineFilter.php(58): CController->filterAccessControl(Object(CFilterChain))
#26 E:\wamp\www\yii\framework\web\filters\CFilterChain.php(130): CInlineFilter->filter(Object(CFilterChain))
#27 E:\wamp\www\yii\framework\web\CController.php(291): CFilterChain->run()
#28 E:\wamp\www\yii\framework\web\CController.php(265): CController->runActionWithFilters(Object(CInlineAction), Array)
#29 E:\wamp\www\yii\framework\web\CWebApplication.php(282): CController->run('admin')
#30 E:\wamp\www\yii\framework\web\CWebApplication.php(141): CWebApplication->runController('article/admin')
#31 E:\wamp\www\yii\framework\base\CApplication.php(169): CWebApplication->processRequest()
#32 E:\wamp\www\yii\newwebapp\index.php(13): CApplication->run()
#33 {main}
REQUEST_URI=/yii/newwebapp/index.php?r=article/admin
HTTP_REFERER=http://localhost/yii/newwebapp/index.php?r=article
---
2013/07/16 12:16:14 [error] [exception.CException] exception 'CException' with message 'UIMenu cannot find the view "Metro UI Menu".' in E:\wamp\www\yii\framework\web\widgets\CWidget.php:245
Stack trace:
#0 E:\wamp\www\yii\newwebapp\protected\components\UIMenu.php(8): CWidget->render('Metro UI Menu')
#1 E:\wamp\www\yii\framework\web\CBaseController.php(173): UIMenu->run()
#2 E:\wamp\www\yii\newwebapp\protected\views\layouts\_navigation.php(113): CBaseController->widget('application.com...', Array)
#3 E:\wamp\www\yii\framework\web\CBaseController.php(126): require('E:\wamp\www\yii...')
#4 E:\wamp\www\yii\framework\web\CBaseController.php(95): CBaseController->renderInternal('E:\wamp\www\yii...', NULL, true)
#5 E:\wamp\www\yii\framework\web\CController.php(869): CBaseController->renderFile('E:\wamp\www\yii...', NULL, true)
#6 E:\wamp\www\yii\newwebapp\protected\views\layouts\site.php(7): CController->renderPartial('/layouts/_navig...')
#7 E:\wamp\www\yii\framework\web\CBaseController.php(126): require('E:\wamp\www\yii...')
#8 E:\wamp\www\yii\framework\web\CBaseController.php(95): CBaseController->renderInternal('E:\wamp\www\yii...', Array, true)
#9 E:\wamp\www\yii\framework\web\CController.php(784): CBaseController->renderFile('E:\wamp\www\yii...', Array, true)
#10 E:\wamp\www\yii\newwebapp\protected\controllers\SiteController.php(33): CController->render('index')
#11 E:\wamp\www\yii\framework\web\actions\CInlineAction.php(49): SiteController->actionIndex()
#12 E:\wamp\www\yii\framework\web\CController.php(308): CInlineAction->runWithParams(Array)
#13 E:\wamp\www\yii\framework\web\CController.php(286): CController->runAction(Object(CInlineAction))
#14 E:\wamp\www\yii\framework\web\CController.php(265): CController->runActionWithFilters(Object(CInlineAction), Array)
#15 E:\wamp\www\yii\framework\web\CWebApplication.php(282): CController->run('index')
#16 E:\wamp\www\yii\framework\web\CWebApplication.php(141): CWebApplication->runController('site/index')
#17 E:\wamp\www\yii\framework\base\CApplication.php(169): CWebApplication->processRequest()
#18 E:\wamp\www\yii\newwebapp\index.php(13): CApplication->run()
#19 {main}
REQUEST_URI=/yii/newwebapp/index.php?r=site/index
HTTP_REFERER=http://localhost/yii/newwebapp/index.php?r=site/index
---
2013/07/16 12:16:51 [error] [exception.CException] exception 'CException' with message 'Property "UIMenu.crumbs" is not defined.' in E:\wamp\www\yii\framework\base\CComponent.php:130
Stack trace:
#0 E:\wamp\www\yii\newwebapp\protected\components\views\uiMenu.php(9): CComponent->__get('crumbs')
#1 E:\wamp\www\yii\framework\web\CBaseController.php(130): require('E:\wamp\www\yii...')
#2 E:\wamp\www\yii\framework\web\CBaseController.php(95): CBaseController->renderInternal('E:\wamp\www\yii...', NULL, false)
#3 E:\wamp\www\yii\framework\web\widgets\CWidget.php(243): CBaseController->renderFile('E:\wamp\www\yii...', NULL, false)
#4 E:\wamp\www\yii\newwebapp\protected\components\UIMenu.php(8): CWidget->render('uiMenu')
#5 E:\wamp\www\yii\framework\web\CBaseController.php(173): UIMenu->run()
#6 E:\wamp\www\yii\newwebapp\protected\views\layouts\_navigation.php(113): CBaseController->widget('application.com...', Array)
#7 E:\wamp\www\yii\framework\web\CBaseController.php(126): require('E:\wamp\www\yii...')
#8 E:\wamp\www\yii\framework\web\CBaseController.php(95): CBaseController->renderInternal('E:\wamp\www\yii...', NULL, true)
#9 E:\wamp\www\yii\framework\web\CController.php(869): CBaseController->renderFile('E:\wamp\www\yii...', NULL, true)
#10 E:\wamp\www\yii\newwebapp\protected\views\layouts\site.php(7): CController->renderPartial('/layouts/_navig...')
#11 E:\wamp\www\yii\framework\web\CBaseController.php(126): require('E:\wamp\www\yii...')
#12 E:\wamp\www\yii\framework\web\CBaseController.php(95): CBaseController->renderInternal('E:\wamp\www\yii...', Array, true)
#13 E:\wamp\www\yii\framework\web\CController.php(784): CBaseController->renderFile('E:\wamp\www\yii...', Array, true)
#14 E:\wamp\www\yii\newwebapp\protected\controllers\SiteController.php(33): CController->render('index')
#15 E:\wamp\www\yii\framework\web\actions\CInlineAction.php(49): SiteController->actionIndex()
#16 E:\wamp\www\yii\framework\web\CController.php(308): CInlineAction->runWithParams(Array)
#17 E:\wamp\www\yii\framework\web\CController.php(286): CController->runAction(Object(CInlineAction))
#18 E:\wamp\www\yii\framework\web\CController.php(265): CController->runActionWithFilters(Object(CInlineAction), Array)
#19 E:\wamp\www\yii\framework\web\CWebApplication.php(282): CController->run('index')
#20 E:\wamp\www\yii\framework\web\CWebApplication.php(141): CWebApplication->runController('site/index')
#21 E:\wamp\www\yii\framework\base\CApplication.php(169): CWebApplication->processRequest()
#22 E:\wamp\www\yii\newwebapp\index.php(13): CApplication->run()
#23 {main}
REQUEST_URI=/yii/newwebapp/index.php?r=site/index
HTTP_REFERER=http://localhost/yii/newwebapp/index.php?r=site/index
---
2013/07/16 13:38:43 [error] [php] mail(): Failed to connect to mailserver at &quot;localhost&quot; port 25, verify your &quot;SMTP&quot; and &quot;smtp_port&quot; setting in php.ini or use ini_set() (E:\wamp\www\yii\newwebapp\protected\controllers\SiteController.php:76)
Stack trace:
#0 E:\wamp\www\yii\framework\web\CController.php(308): CInlineAction->runWithParams()
#1 E:\wamp\www\yii\framework\web\CController.php(286): SiteController->runAction()
#2 E:\wamp\www\yii\framework\web\CController.php(265): SiteController->runActionWithFilters()
#3 E:\wamp\www\yii\framework\web\CWebApplication.php(282): SiteController->run()
#4 E:\wamp\www\yii\framework\web\CWebApplication.php(141): CWebApplication->runController()
#5 E:\wamp\www\yii\framework\base\CApplication.php(169): CWebApplication->processRequest()
#6 E:\wamp\www\yii\newwebapp\index.php(13): CWebApplication->run()
REQUEST_URI=/yii/newwebapp/index.php?r=/site/contact
in E:\wamp\www\yii\newwebapp\protected\controllers\SiteController.php (76)
in E:\wamp\www\yii\newwebapp\index.php (13)
2013/07/16 14:19:41 [error] [exception.CException] exception 'CException' with message 'Property "UICarousel.position" is not defined.' in E:\wamp\www\yii\framework\base\CComponent.php:173
Stack trace:
#0 E:\wamp\www\yii\framework\web\CWidgetFactory.php(161): CComponent->__set('position', 'right')
#1 E:\wamp\www\yii\framework\web\CBaseController.php(146): CWidgetFactory->createWidget(Object(SiteController), 'application.com...', Array)
#2 E:\wamp\www\yii\framework\web\CBaseController.php(172): CBaseController->createWidget('application.com...', Array)
#3 E:\wamp\www\yii\newwebapp\protected\views\site\index.php(29): CBaseController->widget('application.com...', Array)
#4 E:\wamp\www\yii\framework\web\CBaseController.php(126): require('E:\wamp\www\yii...')
#5 E:\wamp\www\yii\framework\web\CBaseController.php(95): CBaseController->renderInternal('E:\wamp\www\yii...', NULL, true)
#6 E:\wamp\www\yii\framework\web\CController.php(869): CBaseController->renderFile('E:\wamp\www\yii...', NULL, true)
#7 E:\wamp\www\yii\framework\web\CController.php(782): CController->renderPartial('index', NULL, true)
#8 E:\wamp\www\yii\newwebapp\protected\controllers\SiteController.php(33): CController->render('index')
#9 E:\wamp\www\yii\framework\web\actions\CInlineAction.php(49): SiteController->actionIndex()
#10 E:\wamp\www\yii\framework\web\CController.php(308): CInlineAction->runWithParams(Array)
#11 E:\wamp\www\yii\framework\web\CController.php(286): CController->runAction(Object(CInlineAction))
#12 E:\wamp\www\yii\framework\web\CController.php(265): CController->runActionWithFilters(Object(CInlineAction), Array)
#13 E:\wamp\www\yii\framework\web\CWebApplication.php(282): CController->run('')
#14 E:\wamp\www\yii\framework\web\CWebApplication.php(141): CWebApplication->runController('')
#15 E:\wamp\www\yii\framework\base\CApplication.php(169): CWebApplication->processRequest()
#16 E:\wamp\www\yii\newwebapp\index.php(13): CApplication->run()
#17 {main}
REQUEST_URI=/yii/newwebapp/index.php
HTTP_REFERER=http://localhost/yii/newwebapp/index.php?r=/site/contact
---
2013/07/16 14:29:46 [error] [exception.CException] exception 'CException' with message 'Property "UICarousel.position" is not defined.' in E:\wamp\www\yii\framework\base\CComponent.php:130
Stack trace:
#0 E:\wamp\www\yii\newwebapp\protected\components\views\uiCarousel.php(1): CComponent->__get('position')
#1 E:\wamp\www\yii\framework\web\CBaseController.php(130): require('E:\wamp\www\yii...')
#2 E:\wamp\www\yii\framework\web\CBaseController.php(95): CBaseController->renderInternal('E:\wamp\www\yii...', NULL, false)
#3 E:\wamp\www\yii\framework\web\widgets\CWidget.php(243): CBaseController->renderFile('E:\wamp\www\yii...', NULL, false)
#4 E:\wamp\www\yii\newwebapp\protected\components\UICarousel.php(9): CWidget->render('uiCarousel')
#5 E:\wamp\www\yii\framework\web\CBaseController.php(173): UICarousel->run()
#6 E:\wamp\www\yii\newwebapp\protected\views\site\index.php(24): CBaseController->widget('application.com...', Array)
#7 E:\wamp\www\yii\framework\web\CBaseController.php(126): require('E:\wamp\www\yii...')
#8 E:\wamp\www\yii\framework\web\CBaseController.php(95): CBaseController->renderInternal('E:\wamp\www\yii...', NULL, true)
#9 E:\wamp\www\yii\framework\web\CController.php(869): CBaseController->renderFile('E:\wamp\www\yii...', NULL, true)
#10 E:\wamp\www\yii\framework\web\CController.php(782): CController->renderPartial('index', NULL, true)
#11 E:\wamp\www\yii\newwebapp\protected\controllers\SiteController.php(33): CController->render('index')
#12 E:\wamp\www\yii\framework\web\actions\CInlineAction.php(49): SiteController->actionIndex()
#13 E:\wamp\www\yii\framework\web\CController.php(308): CInlineAction->runWithParams(Array)
#14 E:\wamp\www\yii\framework\web\CController.php(286): CController->runAction(Object(CInlineAction))
#15 E:\wamp\www\yii\framework\web\CController.php(265): CController->runActionWithFilters(Object(CInlineAction), Array)
#16 E:\wamp\www\yii\framework\web\CWebApplication.php(282): CController->run('')
#17 E:\wamp\www\yii\framework\web\CWebApplication.php(141): CWebApplication->runController('')
#18 E:\wamp\www\yii\framework\base\CApplication.php(169): CWebApplication->processRequest()
#19 E:\wamp\www\yii\newwebapp\index.php(13): CApplication->run()
#20 {main}
REQUEST_URI=/yii/newwebapp/index.php
HTTP_REFERER=http://localhost/yii/newwebapp/index.php?r=/site/page&view=newsmedia
---
2013/07/16 15:02:07 [error] [exception.CException] exception 'CException' with message 'Property "UITile.slides" is not defined.' in E:\wamp\www\yii\framework\base\CComponent.php:173
Stack trace:
#0 E:\wamp\www\yii\framework\web\CWidgetFactory.php(161): CComponent->__set('slides', Array)
#1 E:\wamp\www\yii\framework\web\CBaseController.php(146): CWidgetFactory->createWidget(Object(SiteController), 'application.com...', Array)
#2 E:\wamp\www\yii\framework\web\CBaseController.php(172): CBaseController->createWidget('application.com...', Array)
#3 E:\wamp\www\yii\newwebapp\protected\views\site\index.php(48): CBaseController->widget('application.com...', Array)
#4 E:\wamp\www\yii\framework\web\CBaseController.php(126): require('E:\wamp\www\yii...')
#5 E:\wamp\www\yii\framework\web\CBaseController.php(95): CBaseController->renderInternal('E:\wamp\www\yii...', NULL, true)
#6 E:\wamp\www\yii\framework\web\CController.php(869): CBaseController->renderFile('E:\wamp\www\yii...', NULL, true)
#7 E:\wamp\www\yii\framework\web\CController.php(782): CController->renderPartial('index', NULL, true)
#8 E:\wamp\www\yii\newwebapp\protected\controllers\SiteController.php(33): CController->render('index')
#9 E:\wamp\www\yii\framework\web\actions\CInlineAction.php(49): SiteController->actionIndex()
#10 E:\wamp\www\yii\framework\web\CController.php(308): CInlineAction->runWithParams(Array)
#11 E:\wamp\www\yii\framework\web\CController.php(286): CController->runAction(Object(CInlineAction))
#12 E:\wamp\www\yii\framework\web\CController.php(265): CController->runActionWithFilters(Object(CInlineAction), Array)
#13 E:\wamp\www\yii\framework\web\CWebApplication.php(282): CController->run('')
#14 E:\wamp\www\yii\framework\web\CWebApplication.php(141): CWebApplication->runController('')
#15 E:\wamp\www\yii\framework\base\CApplication.php(169): CWebApplication->processRequest()
#16 E:\wamp\www\yii\newwebapp\index.php(13): CApplication->run()
#17 {main}
REQUEST_URI=/yii/newwebapp/index.php
HTTP_REFERER=http://localhost/yii/newwebapp/index.php?r=/site/contact
---
2013/07/16 15:02:44 [error] [exception.CException] exception 'CException' with message 'Property "UITile.slides" is not defined.' in E:\wamp\www\yii\framework\base\CComponent.php:173
Stack trace:
#0 E:\wamp\www\yii\framework\web\CWidgetFactory.php(161): CComponent->__set('slides', Array)
#1 E:\wamp\www\yii\framework\web\CBaseController.php(146): CWidgetFactory->createWidget(Object(SiteController), 'application.com...', Array)
#2 E:\wamp\www\yii\framework\web\CBaseController.php(172): CBaseController->createWidget('application.com...', Array)
#3 E:\wamp\www\yii\newwebapp\protected\views\site\index.php(48): CBaseController->widget('application.com...', Array)
#4 E:\wamp\www\yii\framework\web\CBaseController.php(126): require('E:\wamp\www\yii...')
#5 E:\wamp\www\yii\framework\web\CBaseController.php(95): CBaseController->renderInternal('E:\wamp\www\yii...', NULL, true)
#6 E:\wamp\www\yii\framework\web\CController.php(869): CBaseController->renderFile('E:\wamp\www\yii...', NULL, true)
#7 E:\wamp\www\yii\framework\web\CController.php(782): CController->renderPartial('index', NULL, true)
#8 E:\wamp\www\yii\newwebapp\protected\controllers\SiteController.php(33): CController->render('index')
#9 E:\wamp\www\yii\framework\web\actions\CInlineAction.php(49): SiteController->actionIndex()
#10 E:\wamp\www\yii\framework\web\CController.php(308): CInlineAction->runWithParams(Array)
#11 E:\wamp\www\yii\framework\web\CController.php(286): CController->runAction(Object(CInlineAction))
#12 E:\wamp\www\yii\framework\web\CController.php(265): CController->runActionWithFilters(Object(CInlineAction), Array)
#13 E:\wamp\www\yii\framework\web\CWebApplication.php(282): CController->run('')
#14 E:\wamp\www\yii\framework\web\CWebApplication.php(141): CWebApplication->runController('')
#15 E:\wamp\www\yii\framework\base\CApplication.php(169): CWebApplication->processRequest()
#16 E:\wamp\www\yii\newwebapp\index.php(13): CApplication->run()
#17 {main}
REQUEST_URI=/yii/newwebapp/index.php
HTTP_REFERER=http://localhost/yii/newwebapp/index.php?r=/site/contact
---
2013/07/17 10:10:31 [error] [exception.CException] exception 'CException' with message 'Property "UIAccordion.tiles" is not defined.' in E:\wamp\www\yii\framework\base\CComponent.php:173
Stack trace:
#0 E:\wamp\www\yii\framework\web\CWidgetFactory.php(161): CComponent->__set('tiles', Array)
#1 E:\wamp\www\yii\framework\web\CBaseController.php(146): CWidgetFactory->createWidget(Object(SiteController), 'application.com...', Array)
#2 E:\wamp\www\yii\framework\web\CBaseController.php(172): CBaseController->createWidget('application.com...', Array)
#3 E:\wamp\www\yii\newwebapp\protected\views\site\index.php(68): CBaseController->widget('application.com...', Array)
#4 E:\wamp\www\yii\framework\web\CBaseController.php(126): require('E:\wamp\www\yii...')
#5 E:\wamp\www\yii\framework\web\CBaseController.php(95): CBaseController->renderInternal('E:\wamp\www\yii...', NULL, true)
#6 E:\wamp\www\yii\framework\web\CController.php(869): CBaseController->renderFile('E:\wamp\www\yii...', NULL, true)
#7 E:\wamp\www\yii\framework\web\CController.php(782): CController->renderPartial('index', NULL, true)
#8 E:\wamp\www\yii\newwebapp\protected\controllers\SiteController.php(33): CController->render('index')
#9 E:\wamp\www\yii\framework\web\actions\CInlineAction.php(49): SiteController->actionIndex()
#10 E:\wamp\www\yii\framework\web\CController.php(308): CInlineAction->runWithParams(Array)
#11 E:\wamp\www\yii\framework\web\CController.php(286): CController->runAction(Object(CInlineAction))
#12 E:\wamp\www\yii\framework\web\CController.php(265): CController->runActionWithFilters(Object(CInlineAction), Array)
#13 E:\wamp\www\yii\framework\web\CWebApplication.php(282): CController->run('index')
#14 E:\wamp\www\yii\framework\web\CWebApplication.php(141): CWebApplication->runController('site/index')
#15 E:\wamp\www\yii\framework\base\CApplication.php(169): CWebApplication->processRequest()
#16 E:\wamp\www\yii\newwebapp\index.php(13): CApplication->run()
#17 {main}
REQUEST_URI=/yii/newwebapp/index.php?r=site/index
HTTP_REFERER=http://localhost/yii/newwebapp/index.php?r=user
---
2013/07/17 10:40:51 [error] [exception.CException] exception 'CException' with message 'ArticleCategory and its behaviors do not have a method or closure named "loadModel".' in E:\wamp\www\yii\framework\base\CComponent.php:265
Stack trace:
#0 E:\wamp\www\yii\framework\db\ar\CActiveRecord.php(225): CComponent->__call('loadModel', Array)
#1 E:\wamp\www\yii\newwebapp\protected\controllers\SiteController.php(44): CActiveRecord->__call('loadModel', Array)
#2 E:\wamp\www\yii\newwebapp\protected\controllers\SiteController.php(44): ArticleCategory->loadModel('4')
#3 E:\wamp\www\yii\framework\web\actions\CInlineAction.php(49): SiteController->actionArticle()
#4 E:\wamp\www\yii\framework\web\CController.php(308): CInlineAction->runWithParams(Array)
#5 E:\wamp\www\yii\framework\web\CController.php(286): CController->runAction(Object(CInlineAction))
#6 E:\wamp\www\yii\framework\web\CController.php(265): CController->runActionWithFilters(Object(CInlineAction), Array)
#7 E:\wamp\www\yii\framework\web\CWebApplication.php(282): CController->run('article')
#8 E:\wamp\www\yii\framework\web\CWebApplication.php(141): CWebApplication->runController('site/article')
#9 E:\wamp\www\yii\framework\base\CApplication.php(169): CWebApplication->processRequest()
#10 E:\wamp\www\yii\newwebapp\index.php(13): CApplication->run()
#11 {main}
REQUEST_URI=/yii/newwebapp/index.php?r=site/article&id=4
---
2013/07/17 10:41:28 [error] [exception.CException] exception 'CException' with message 'Article and its behaviors do not have a method or closure named "loadModel".' in E:\wamp\www\yii\framework\base\CComponent.php:265
Stack trace:
#0 E:\wamp\www\yii\framework\db\ar\CActiveRecord.php(225): CComponent->__call('loadModel', Array)
#1 E:\wamp\www\yii\newwebapp\protected\controllers\SiteController.php(44): CActiveRecord->__call('loadModel', Array)
#2 E:\wamp\www\yii\newwebapp\protected\controllers\SiteController.php(44): Article->loadModel('4')
#3 E:\wamp\www\yii\framework\web\actions\CInlineAction.php(49): SiteController->actionArticle()
#4 E:\wamp\www\yii\framework\web\CController.php(308): CInlineAction->runWithParams(Array)
#5 E:\wamp\www\yii\framework\web\CController.php(286): CController->runAction(Object(CInlineAction))
#6 E:\wamp\www\yii\framework\web\CController.php(265): CController->runActionWithFilters(Object(CInlineAction), Array)
#7 E:\wamp\www\yii\framework\web\CWebApplication.php(282): CController->run('article')
#8 E:\wamp\www\yii\framework\web\CWebApplication.php(141): CWebApplication->runController('site/article')
#9 E:\wamp\www\yii\framework\base\CApplication.php(169): CWebApplication->processRequest()
#10 E:\wamp\www\yii\newwebapp\index.php(13): CApplication->run()
#11 {main}
REQUEST_URI=/yii/newwebapp/index.php?r=site/article&id=4
---
2013/07/17 10:42:41 [error] [php] include(ArticleController.php): failed to open stream: No such file or directory (E:\wamp\www\yii\framework\YiiBase.php:421)
Stack trace:
#0 E:\wamp\www\yii\newwebapp\protected\controllers\SiteController.php(44): spl_autoload_call()
#1 E:\wamp\www\yii\framework\web\actions\CInlineAction.php(49): SiteController->actionArticle()
#2 E:\wamp\www\yii\framework\web\CController.php(308): CInlineAction->runWithParams()
#3 E:\wamp\www\yii\framework\web\CController.php(286): SiteController->runAction()
#4 E:\wamp\www\yii\framework\web\CController.php(265): SiteController->runActionWithFilters()
#5 E:\wamp\www\yii\framework\web\CWebApplication.php(282): SiteController->run()
#6 E:\wamp\www\yii\framework\web\CWebApplication.php(141): CWebApplication->runController()
#7 E:\wamp\www\yii\framework\base\CApplication.php(169): CWebApplication->processRequest()
#8 E:\wamp\www\yii\newwebapp\index.php(13): CWebApplication->run()
REQUEST_URI=/yii/newwebapp/index.php?r=site/article&id=4
in E:\wamp\www\yii\newwebapp\protected\controllers\SiteController.php (44)
in E:\wamp\www\yii\newwebapp\index.php (13)
2013/07/17 10:44:26 [error] [exception.CException] exception 'CException' with message 'Property "Article.name" is not defined.' in E:\wamp\www\yii\framework\base\CComponent.php:130
Stack trace:
#0 E:\wamp\www\yii\framework\db\ar\CActiveRecord.php(143): CComponent->__get('name')
#1 E:\wamp\www\yii\framework\web\helpers\CHtml.php(2255): CActiveRecord->__get('name')
#2 E:\wamp\www\yii\framework\web\helpers\CHtml.php(1980): CHtml::resolveValue(Object(Article), 'name')
#3 E:\wamp\www\yii\framework\web\helpers\CHtml.php(1257): CHtml::activeInputField('text', Object(Article), 'name', Array)
#4 E:\wamp\www\yii\framework\web\widgets\CActiveForm.php(657): CHtml::activeTextField(Object(Article), 'name', Array)
#5 E:\wamp\www\yii\newwebapp\protected\views\site\article.php(40): CActiveForm->textField(Object(Article), 'name')
#6 E:\wamp\www\yii\framework\web\CBaseController.php(126): require('E:\wamp\www\yii...')
#7 E:\wamp\www\yii\framework\web\CBaseController.php(95): CBaseController->renderInternal('E:\wamp\www\yii...', Array, true)
#8 E:\wamp\www\yii\framework\web\CController.php(869): CBaseController->renderFile('E:\wamp\www\yii...', Array, true)
#9 E:\wamp\www\yii\framework\web\CController.php(782): CController->renderPartial('article', Array, true)
#10 E:\wamp\www\yii\newwebapp\protected\controllers\SiteController.php(54): CController->render('article', Array)
#11 E:\wamp\www\yii\framework\web\actions\CInlineAction.php(49): SiteController->actionArticle()
#12 E:\wamp\www\yii\framework\web\CController.php(308): CInlineAction->runWithParams(Array)
#13 E:\wamp\www\yii\framework\web\CController.php(286): CController->runAction(Object(CInlineAction))
#14 E:\wamp\www\yii\framework\web\CController.php(265): CController->runActionWithFilters(Object(CInlineAction), Array)
#15 E:\wamp\www\yii\framework\web\CWebApplication.php(282): CController->run('article')
#16 E:\wamp\www\yii\framework\web\CWebApplication.php(141): CWebApplication->runController('site/article')
#17 E:\wamp\www\yii\framework\base\CApplication.php(169): CWebApplication->processRequest()
#18 E:\wamp\www\yii\newwebapp\index.php(13): CApplication->run()
#19 {main}
REQUEST_URI=/yii/newwebapp/index.php?r=site/article&id=1
---
2013/07/17 11:26:01 [error] [php] Array to string conversion (E:\wamp\www\yii\newwebapp\protected\views\layouts\_navigation.php:83)
Stack trace:
#0 E:\wamp\www\yii\framework\web\CController.php(869): SiteController->renderFile()
#1 E:\wamp\www\yii\newwebapp\protected\views\layouts\site.php(7): SiteController->renderPartial()
#2 E:\wamp\www\yii\framework\web\CBaseController.php(126): require()
#3 E:\wamp\www\yii\framework\web\CBaseController.php(95): SiteController->renderInternal()
#4 E:\wamp\www\yii\framework\web\CController.php(784): SiteController->renderFile()
#5 E:\wamp\www\yii\newwebapp\protected\controllers\SiteController.php(33): SiteController->render()
#6 E:\wamp\www\yii\framework\web\actions\CInlineAction.php(49): SiteController->actionIndex()
#7 E:\wamp\www\yii\framework\web\CController.php(308): CInlineAction->runWithParams()
#8 E:\wamp\www\yii\framework\web\CController.php(286): SiteController->runAction()
#9 E:\wamp\www\yii\framework\web\CController.php(265): SiteController->runActionWithFilters()
#10 E:\wamp\www\yii\framework\web\CWebApplication.php(282): SiteController->run()
#11 E:\wamp\www\yii\framework\web\CWebApplication.php(141): CWebApplication->runController()
#12 E:\wamp\www\yii\framework\base\CApplication.php(169): CWebApplication->processRequest()
#13 E:\wamp\www\yii\newwebapp\index.php(13): CWebApplication->run()
REQUEST_URI=/yii/newwebapp/index.php?r=site/index
in E:\wamp\www\yii\newwebapp\protected\views\layouts\_navigation.php (83)
in E:\wamp\www\yii\newwebapp\protected\views\layouts\site.php (7)
in E:\wamp\www\yii\newwebapp\protected\controllers\SiteController.php (33)
2013/07/17 11:43:24 [error] [php] Undefined variable: siteMenu (E:\wamp\www\yii\newwebapp\protected\views\layouts\_navigation.php:83)
Stack trace:
#0 E:\wamp\www\yii\framework\web\CController.php(869): SiteController->renderFile()
#1 E:\wamp\www\yii\newwebapp\protected\views\layouts\site.php(7): SiteController->renderPartial()
#2 E:\wamp\www\yii\framework\web\CBaseController.php(126): require()
#3 E:\wamp\www\yii\framework\web\CBaseController.php(95): SiteController->renderInternal()
#4 E:\wamp\www\yii\framework\web\CController.php(784): SiteController->renderFile()
#5 E:\wamp\www\yii\newwebapp\protected\controllers\SiteController.php(47): SiteController->render()
#6 E:\wamp\www\yii\framework\web\actions\CInlineAction.php(49): SiteController->actionIndex()
#7 E:\wamp\www\yii\framework\web\CController.php(308): CInlineAction->runWithParams()
#8 E:\wamp\www\yii\framework\web\CController.php(286): SiteController->runAction()
#9 E:\wamp\www\yii\framework\web\CController.php(265): SiteController->runActionWithFilters()
#10 E:\wamp\www\yii\framework\web\CWebApplication.php(282): SiteController->run()
#11 E:\wamp\www\yii\framework\web\CWebApplication.php(141): CWebApplication->runController()
#12 E:\wamp\www\yii\framework\base\CApplication.php(169): CWebApplication->processRequest()
#13 E:\wamp\www\yii\newwebapp\index.php(13): CWebApplication->run()
REQUEST_URI=/yii/newwebapp/index.php?r=site/index
in E:\wamp\www\yii\newwebapp\protected\views\layouts\_navigation.php (83)
in E:\wamp\www\yii\newwebapp\protected\views\layouts\site.php (7)
in E:\wamp\www\yii\newwebapp\protected\controllers\SiteController.php (47)
2013/07/17 11:48:16 [error] [php] Undefined variable: siteMenu (E:\wamp\www\yii\newwebapp\protected\views\layouts\site.php:7)
Stack trace:
#0 E:\wamp\www\yii\framework\web\CController.php(784): SiteController->renderFile()
#1 E:\wamp\www\yii\newwebapp\protected\controllers\SiteController.php(47): SiteController->render()
#2 E:\wamp\www\yii\framework\web\actions\CInlineAction.php(49): SiteController->actionIndex()
#3 E:\wamp\www\yii\framework\web\CController.php(308): CInlineAction->runWithParams()
#4 E:\wamp\www\yii\framework\web\CController.php(286): SiteController->runAction()
#5 E:\wamp\www\yii\framework\web\CController.php(265): SiteController->runActionWithFilters()
#6 E:\wamp\www\yii\framework\web\CWebApplication.php(282): SiteController->run()
#7 E:\wamp\www\yii\framework\web\CWebApplication.php(141): CWebApplication->runController()
#8 E:\wamp\www\yii\framework\base\CApplication.php(169): CWebApplication->processRequest()
#9 E:\wamp\www\yii\newwebapp\index.php(13): CWebApplication->run()
REQUEST_URI=/yii/newwebapp/index.php?r=site/index
in E:\wamp\www\yii\newwebapp\protected\views\layouts\site.php (7)
in E:\wamp\www\yii\newwebapp\protected\controllers\SiteController.php (47)
in E:\wamp\www\yii\newwebapp\index.php (13)
2013/07/17 12:04:02 [error] [php] count() expects at least 1 parameter, 0 given (E:\wamp\www\yii\newwebapp\protected\controllers\SiteController.php:40)
Stack trace:
#0 E:\wamp\www\yii\framework\web\actions\CInlineAction.php(49): SiteController->actionIndex()
#1 E:\wamp\www\yii\framework\web\CController.php(308): CInlineAction->runWithParams()
#2 E:\wamp\www\yii\framework\web\CController.php(286): SiteController->runAction()
#3 E:\wamp\www\yii\framework\web\CController.php(265): SiteController->runActionWithFilters()
#4 E:\wamp\www\yii\framework\web\CWebApplication.php(282): SiteController->run()
#5 E:\wamp\www\yii\framework\web\CWebApplication.php(141): CWebApplication->runController()
#6 E:\wamp\www\yii\framework\base\CApplication.php(169): CWebApplication->processRequest()
#7 E:\wamp\www\yii\newwebapp\index.php(13): CWebApplication->run()
REQUEST_URI=/yii/newwebapp/index.php?r=site/index
in E:\wamp\www\yii\newwebapp\protected\controllers\SiteController.php (40)
in E:\wamp\www\yii\newwebapp\protected\controllers\SiteController.php (68)
in E:\wamp\www\yii\newwebapp\index.php (13)
2013/07/17 13:11:39 [error] [exception.CException] exception 'CException' with message 'SiteController cannot find the requested view "pages.about".' in E:\wamp\www\yii\framework\web\CController.php:878
Stack trace:
#0 E:\wamp\www\yii\framework\web\CController.php(782): CController->renderPartial('pages.about', NULL, true)
#1 E:\wamp\www\yii\newwebapp\protected\controllers\SiteController.php(90): CController->render('pages.about')
#2 E:\wamp\www\yii\framework\web\actions\CInlineAction.php(49): SiteController->actionPage()
#3 E:\wamp\www\yii\framework\web\CController.php(308): CInlineAction->runWithParams(Array)
#4 E:\wamp\www\yii\framework\web\CController.php(286): CController->runAction(Object(CInlineAction))
#5 E:\wamp\www\yii\framework\web\CController.php(265): CController->runActionWithFilters(Object(CInlineAction), Array)
#6 E:\wamp\www\yii\framework\web\CWebApplication.php(282): CController->run('page')
#7 E:\wamp\www\yii\framework\web\CWebApplication.php(141): CWebApplication->runController('/site/page')
#8 E:\wamp\www\yii\framework\base\CApplication.php(169): CWebApplication->processRequest()
#9 E:\wamp\www\yii\newwebapp\index.php(13): CApplication->run()
#10 {main}
REQUEST_URI=/yii/newwebapp/index.php?r=/site/page&view=about
HTTP_REFERER=http://localhost/yii/newwebapp/index.php
---
2013/07/17 13:14:47 [error] [php] Undefined index: view (E:\wamp\www\yii\newwebapp\protected\controllers\SiteController.php:90)
Stack trace:
#0 E:\wamp\www\yii\framework\web\CController.php(286): SiteController->runAction()
#1 E:\wamp\www\yii\framework\web\CController.php(265): SiteController->runActionWithFilters()
#2 E:\wamp\www\yii\framework\web\CWebApplication.php(282): SiteController->run()
#3 E:\wamp\www\yii\framework\web\CWebApplication.php(141): CWebApplication->runController()
#4 E:\wamp\www\yii\framework\base\CApplication.php(169): CWebApplication->processRequest()
#5 E:\wamp\www\yii\newwebapp\index.php(13): CWebApplication->run()
REQUEST_URI=/yii/newwebapp/index.php?r=/site/page
in E:\wamp\www\yii\newwebapp\protected\controllers\SiteController.php (90)
in E:\wamp\www\yii\newwebapp\index.php (13)
2013/07/17 13:15:42 [error] [exception.CException] exception 'CException' with message 'SiteController cannot find the requested view "pages/about1".' in E:\wamp\www\yii\framework\web\CController.php:878
Stack trace:
#0 E:\wamp\www\yii\framework\web\CController.php(782): CController->renderPartial('pages/about1', NULL, true)
#1 E:\wamp\www\yii\newwebapp\protected\controllers\SiteController.php(93): CController->render('pages/about1')
#2 E:\wamp\www\yii\framework\web\actions\CInlineAction.php(49): SiteController->actionPage()
#3 E:\wamp\www\yii\framework\web\CController.php(308): CInlineAction->runWithParams(Array)
#4 E:\wamp\www\yii\framework\web\CController.php(286): CController->runAction(Object(CInlineAction))
#5 E:\wamp\www\yii\framework\web\CController.php(265): CController->runActionWithFilters(Object(CInlineAction), Array)
#6 E:\wamp\www\yii\framework\web\CWebApplication.php(282): CController->run('page')
#7 E:\wamp\www\yii\framework\web\CWebApplication.php(141): CWebApplication->runController('/site/page')
#8 E:\wamp\www\yii\framework\base\CApplication.php(169): CWebApplication->processRequest()
#9 E:\wamp\www\yii\newwebapp\index.php(13): CApplication->run()
#10 {main}
REQUEST_URI=/yii/newwebapp/index.php?r=/site/page&view=about1
---
2013/07/17 13:16:21 [error] [exception.CHttpException.404] exception 'CHttpException' with message 'The requested view "about1" was not found.' in E:\wamp\www\yii\framework\web\actions\CViewAction.php:112
Stack trace:
#0 E:\wamp\www\yii\framework\web\actions\CViewAction.php(123): CViewAction->resolveView('about1')
#1 E:\wamp\www\yii\framework\web\actions\CAction.php(76): CViewAction->run()
#2 E:\wamp\www\yii\framework\web\CController.php(308): CAction->runWithParams(Array)
#3 E:\wamp\www\yii\framework\web\CController.php(286): CController->runAction(Object(CViewAction))
#4 E:\wamp\www\yii\framework\web\CController.php(265): CController->runActionWithFilters(Object(CViewAction), Array)
#5 E:\wamp\www\yii\framework\web\CWebApplication.php(282): CController->run('page')
#6 E:\wamp\www\yii\framework\web\CWebApplication.php(141): CWebApplication->runController('/site/page')
#7 E:\wamp\www\yii\framework\base\CApplication.php(169): CWebApplication->processRequest()
#8 E:\wamp\www\yii\newwebapp\index.php(13): CApplication->run()
#9 {main}
REQUEST_URI=/yii/newwebapp/index.php?r=/site/page&view=about1
---
2013/07/17 13:17:53 [error] [exception.CException] exception 'CException' with message 'SiteController cannot find the requested view "pages/about1".' in E:\wamp\www\yii\framework\web\CController.php:878
Stack trace:
#0 E:\wamp\www\yii\framework\web\CController.php(782): CController->renderPartial('pages/about1', NULL, true)
#1 E:\wamp\www\yii\newwebapp\protected\controllers\SiteController.php(93): CController->render('pages/about1')
#2 E:\wamp\www\yii\framework\web\actions\CInlineAction.php(49): SiteController->actionPage()
#3 E:\wamp\www\yii\framework\web\CController.php(308): CInlineAction->runWithParams(Array)
#4 E:\wamp\www\yii\framework\web\CController.php(286): CController->runAction(Object(CInlineAction))
#5 E:\wamp\www\yii\framework\web\CController.php(265): CController->runActionWithFilters(Object(CInlineAction), Array)
#6 E:\wamp\www\yii\framework\web\CWebApplication.php(282): CController->run('page')
#7 E:\wamp\www\yii\framework\web\CWebApplication.php(141): CWebApplication->runController('/site/page')
#8 E:\wamp\www\yii\framework\base\CApplication.php(169): CWebApplication->processRequest()
#9 E:\wamp\www\yii\newwebapp\index.php(13): CApplication->run()
#10 {main}
REQUEST_URI=/yii/newwebapp/index.php?r=/site/page&view=about1
---
2013/07/18 12:31:00 [error] [exception.CHttpException.404] exception 'CHttpException' with message 'The system is unable to find the requested action "pag".' in E:\wamp\www\yii\framework\web\CController.php:483
Stack trace:
#0 E:\wamp\www\yii\framework\web\CController.php(270): CController->missingAction('pag')
#1 E:\wamp\www\yii\framework\web\CWebApplication.php(282): CController->run('pag')
#2 E:\wamp\www\yii\framework\web\CWebApplication.php(141): CWebApplication->runController('/site/pag')
#3 E:\wamp\www\yii\framework\base\CApplication.php(169): CWebApplication->processRequest()
#4 E:\wamp\www\yii\newwebapp\index.php(13): CApplication->run()
#5 {main}
REQUEST_URI=/yii/newwebapp/index.php?r=/site/pag
---
2013/07/18 12:32:23 [error] [exception.CHttpException.404] exception 'CHttpException' with message 'The system is unable to find the requested action "pag".' in E:\wamp\www\yii\framework\web\CController.php:483
Stack trace:
#0 E:\wamp\www\yii\framework\web\CController.php(270): CController->missingAction('pag')
#1 E:\wamp\www\yii\framework\web\CWebApplication.php(282): CController->run('pag')
#2 E:\wamp\www\yii\framework\web\CWebApplication.php(141): CWebApplication->runController('/site/pag')
#3 E:\wamp\www\yii\framework\base\CApplication.php(169): CWebApplication->processRequest()
#4 E:\wamp\www\yii\newwebapp\index.php(13): CApplication->run()
#5 {main}
REQUEST_URI=/yii/newwebapp/index.php?r=/site/pag
---
2013/07/18 12:32:40 [error] [exception.CHttpException.404] exception 'CHttpException' with message 'The system is unable to find the requested action "pag".' in E:\wamp\www\yii\framework\web\CController.php:483
Stack trace:
#0 E:\wamp\www\yii\framework\web\CController.php(270): CController->missingAction('pag')
#1 E:\wamp\www\yii\framework\web\CWebApplication.php(282): CController->run('pag')
#2 E:\wamp\www\yii\framework\web\CWebApplication.php(141): CWebApplication->runController('/site/pag')
#3 E:\wamp\www\yii\framework\base\CApplication.php(169): CWebApplication->processRequest()
#4 E:\wamp\www\yii\newwebapp\index.php(13): CApplication->run()
#5 {main}
REQUEST_URI=/yii/newwebapp/index.php?r=/site/pag
---
2013/07/19 03:49:43 [error] [exception.CHttpException.404] exception 'CHttpException' with message 'The system is unable to find the requested action "artic".' in E:\wamp\www\yii\framework\web\CController.php:483
Stack trace:
#0 E:\wamp\www\yii\framework\web\CController.php(270): CController->missingAction('artic')
#1 E:\wamp\www\yii\framework\web\CWebApplication.php(282): CController->run('artic')
#2 E:\wamp\www\yii\framework\web\CWebApplication.php(141): CWebApplication->runController('/site/artic')
#3 E:\wamp\www\yii\framework\base\CApplication.php(169): CWebApplication->processRequest()
#4 E:\wamp\www\yii\newwebapp\index.php(13): CApplication->run()
#5 {main}
REQUEST_URI=/yii/newwebapp/index.php?r=/site/artic
---
2013/07/19 04:11:25 [error] [php] Object of class SiteController could not be converted to string (E:\wamp\www\yii\newwebapp\protected\views\site\article.php:10)
Stack trace:
#0 E:\wamp\www\yii\framework\web\CController.php(869): SiteController->renderFile()
#1 E:\wamp\www\yii\framework\web\CController.php(782): SiteController->renderPartial()
#2 E:\wamp\www\yii\newwebapp\protected\controllers\SiteController.php(77): SiteController->render()
#3 unknown(0): SiteController->actionArticle()
#4 E:\wamp\www\yii\framework\web\actions\CAction.php(108): ReflectionMethod->invokeArgs()
#5 E:\wamp\www\yii\framework\web\actions\CInlineAction.php(47): CInlineAction->runWithParamsInternal()
#6 E:\wamp\www\yii\framework\web\CController.php(308): CInlineAction->runWithParams()
#7 E:\wamp\www\yii\framework\web\filters\CFilterChain.php(133): SiteController->runAction()
#8 E:\wamp\www\yii\newwebapp\protected\controllers\SiteController.php(205): CFilterChain->run()
#9 E:\wamp\www\yii\framework\web\filters\CInlineFilter.php(58): SiteController->filterLoadMenu()
#10 E:\wamp\www\yii\framework\web\filters\CFilterChain.php(130): CInlineFilter->filter()
#11 E:\wamp\www\yii\newwebapp\protected\controllers\SiteController.php(197): CFilterChain->run()
#12 E:\wamp\www\yii\framework\web\filters\CInlineFilter.php(58): SiteController->filterSelectLang()
#13 E:\wamp\www\yii\framework\web\filters\CFilterChain.php(130): CInlineFilter->filter()
#14 E:\wamp\www\yii\framework\web\CController.php(291): CFilterChain->run()
#15 E:\wamp\www\yii\framework\web\CController.php(265): SiteController->runActionWithFilters()
#16 E:\wamp\www\yii\framework\web\CWebApplication.php(282): SiteController->run()
#17 E:\wamp\www\yii\framework\web\CWebApplication.php(141): CWebApplication->runController()
#18 E:\wamp\www\yii\framework\base\CApplication.php(169): CWebApplication->processRequest()
#19 E:\wamp\www\yii\newwebapp\index.php(13): CWebApplication->run()
REQUEST_URI=/yii/newwebapp/index.php?r=/site/article&id=1
in E:\wamp\www\yii\newwebapp\protected\views\site\article.php (10)
in E:\wamp\www\yii\newwebapp\protected\controllers\SiteController.php (77)
in E:\wamp\www\yii\newwebapp\protected\controllers\SiteController.php (205)
2013/07/19 07:55:06 [error] [system.db.CDbCommand] Error in preparing SQL: 	select id, desc, action, menu_subtype 
												from menu 
												where menu_type = "SITE" and parent_id is null
												order by sort_order;
in E:\wamp\www\yii\newwebapp\protected\controllers\SiteController.php (223)
in E:\wamp\www\yii\newwebapp\protected\controllers\SiteController.php (203)
in E:\wamp\www\yii\newwebapp\protected\controllers\SiteController.php (198)
2013/07/19 07:55:06 [error] [system.db.CDbCommand] CDbCommand::fetchAll() failed: CDbCommand ล้มเหลวในการแจกแจงลักษณะของ SQL: SQLSTATE[HY000]: General error: 1 no such column: desc. The SQL statement executed was: 	select id, desc, action, menu_subtype 
												from menu 
												where menu_type = "SITE" and parent_id is null
												order by sort_order;.
in E:\wamp\www\yii\newwebapp\protected\controllers\SiteController.php (223)
in E:\wamp\www\yii\newwebapp\protected\controllers\SiteController.php (203)
in E:\wamp\www\yii\newwebapp\protected\controllers\SiteController.php (198)
2013/07/19 07:55:06 [error] [exception.CDbException] exception 'CDbException' with message 'CDbCommand ล้มเหลวในการดำเนินการเรียกลักษณะของ SQL: CDbCommand ล้มเหลวในการแจกแจงลักษณะของ SQL: SQLSTATE[HY000]: General error: 1 no such column: desc. The SQL statement executed was: 	select id, desc, action, menu_subtype 
												from menu 
												where menu_type = "SITE" and parent_id is null
												order by sort_order;' in E:\wamp\www\yii\framework\db\CDbCommand.php:541
Stack trace:
#0 E:\wamp\www\yii\framework\db\CDbCommand.php(395): CDbCommand->queryInternal('fetchAll', Array, Array)
#1 E:\wamp\www\yii\framework\db\ar\CActiveRecord.php(1527): CDbCommand->queryAll()
#2 E:\wamp\www\yii\newwebapp\protected\controllers\SiteController.php(223): CActiveRecord->findAllBySql('?select id, des...')
#3 E:\wamp\www\yii\newwebapp\protected\controllers\SiteController.php(203): SiteController->fetchMenu('SITE', 'th')
#4 E:\wamp\www\yii\framework\web\filters\CInlineFilter.php(58): SiteController->filterLoadMenu(Object(CFilterChain))
#5 E:\wamp\www\yii\framework\web\filters\CFilterChain.php(130): CInlineFilter->filter(Object(CFilterChain))
#6 E:\wamp\www\yii\newwebapp\protected\controllers\SiteController.php(198): CFilterChain->run()
#7 E:\wamp\www\yii\framework\web\filters\CInlineFilter.php(58): SiteController->filterSelectLang(Object(CFilterChain))
#8 E:\wamp\www\yii\framework\web\filters\CFilterChain.php(130): CInlineFilter->filter(Object(CFilterChain))
#9 E:\wamp\www\yii\framework\web\CController.php(291): CFilterChain->run()
#10 E:\wamp\www\yii\framework\web\CController.php(265): CController->runActionWithFilters(Object(CInlineAction), Array)
#11 E:\wamp\www\yii\framework\web\CWebApplication.php(282): CController->run('')
#12 E:\wamp\www\yii\framework\web\CWebApplication.php(141): CWebApplication->runController('')
#13 E:\wamp\www\yii\framework\base\CApplication.php(169): CWebApplication->processRequest()
#14 E:\wamp\www\yii\newwebapp\index.php(13): CApplication->run()
#15 {main}
REQUEST_URI=/yii/newwebapp/index.php
HTTP_REFERER=http://localhost/yii/newwebapp/index.php?r=/site/page&view=newsmedia
---
2013/07/19 07:56:19 [error] [exception.CException] exception 'CException' with message 'คุณสมบัติ "Menu.desc" ยังไม่ถูกกำหนด' in E:\wamp\www\yii\framework\base\CComponent.php:130
Stack trace:
#0 E:\wamp\www\yii\framework\db\ar\CActiveRecord.php(143): CComponent->__get('desc')
#1 E:\wamp\www\yii\framework\base\CModel.php(595): CActiveRecord->__get('desc')
#2 E:\wamp\www\yii\newwebapp\protected\controllers\SiteController.php(255): CModel->offsetGet('desc')
#3 E:\wamp\www\yii\newwebapp\protected\controllers\SiteController.php(203): SiteController->fetchMenu('SITE', 'th')
#4 E:\wamp\www\yii\framework\web\filters\CInlineFilter.php(58): SiteController->filterLoadMenu(Object(CFilterChain))
#5 E:\wamp\www\yii\framework\web\filters\CFilterChain.php(130): CInlineFilter->filter(Object(CFilterChain))
#6 E:\wamp\www\yii\newwebapp\protected\controllers\SiteController.php(198): CFilterChain->run()
#7 E:\wamp\www\yii\framework\web\filters\CInlineFilter.php(58): SiteController->filterSelectLang(Object(CFilterChain))
#8 E:\wamp\www\yii\framework\web\filters\CFilterChain.php(130): CInlineFilter->filter(Object(CFilterChain))
#9 E:\wamp\www\yii\framework\web\CController.php(291): CFilterChain->run()
#10 E:\wamp\www\yii\framework\web\CController.php(265): CController->runActionWithFilters(Object(CInlineAction), Array)
#11 E:\wamp\www\yii\framework\web\CWebApplication.php(282): CController->run('')
#12 E:\wamp\www\yii\framework\web\CWebApplication.php(141): CWebApplication->runController('')
#13 E:\wamp\www\yii\framework\base\CApplication.php(169): CWebApplication->processRequest()
#14 E:\wamp\www\yii\newwebapp\index.php(13): CApplication->run()
#15 {main}
REQUEST_URI=/yii/newwebapp/index.php
HTTP_REFERER=http://localhost/yii/newwebapp/index.php?r=/site/page&view=newsmedia
---
2013/07/19 07:56:42 [error] [exception.CException] exception 'CException' with message 'Property "Menu.desc" is not defined.' in E:\wamp\www\yii\framework\base\CComponent.php:130
Stack trace:
#0 E:\wamp\www\yii\framework\db\ar\CActiveRecord.php(143): CComponent->__get('desc')
#1 E:\wamp\www\yii\framework\base\CModel.php(595): CActiveRecord->__get('desc')
#2 E:\wamp\www\yii\newwebapp\protected\controllers\SiteController.php(255): CModel->offsetGet('desc')
#3 E:\wamp\www\yii\newwebapp\protected\controllers\SiteController.php(203): SiteController->fetchMenu('SITE', 'en')
#4 E:\wamp\www\yii\framework\web\filters\CInlineFilter.php(58): SiteController->filterLoadMenu(Object(CFilterChain))
#5 E:\wamp\www\yii\framework\web\filters\CFilterChain.php(130): CInlineFilter->filter(Object(CFilterChain))
#6 E:\wamp\www\yii\framework\web\CController.php(291): CFilterChain->run()
#7 E:\wamp\www\yii\framework\web\CController.php(265): CController->runActionWithFilters(Object(CInlineAction), Array)
#8 E:\wamp\www\yii\framework\web\CWebApplication.php(282): CController->run('language')
#9 E:\wamp\www\yii\framework\web\CWebApplication.php(141): CWebApplication->runController('site/language')
#10 E:\wamp\www\yii\framework\base\CApplication.php(169): CWebApplication->processRequest()
#11 E:\wamp\www\yii\newwebapp\index.php(13): CApplication->run()
#12 {main}
REQUEST_URI=/yii/newwebapp/index.php?r=site/language&lang=en
---
2013/07/19 08:21:38 [error] [exception.CHttpException.404] exception 'CHttpException' with message 'The requested page does not exist.' in E:\wamp\www\yii\newwebapp\protected\controllers\MenuController.php:157
Stack trace:
#0 E:\wamp\www\yii\newwebapp\protected\controllers\MenuController.php(55): MenuController->loadModel('23')
#1 [internal function]: MenuController->actionView('23')
#2 E:\wamp\www\yii\framework\web\actions\CAction.php(108): ReflectionMethod->invokeArgs(Object(MenuController), Array)
#3 E:\wamp\www\yii\framework\web\actions\CInlineAction.php(47): CAction->runWithParamsInternal(Object(MenuController), Object(ReflectionMethod), Array)
#4 E:\wamp\www\yii\framework\web\CController.php(308): CInlineAction->runWithParams(Array)
#5 E:\wamp\www\yii\framework\web\filters\CFilterChain.php(133): CController->runAction(Object(CInlineAction))
#6 E:\wamp\www\yii\framework\web\filters\CFilter.php(40): CFilterChain->run()
#7 E:\wamp\www\yii\framework\web\CController.php(1145): CFilter->filter(Object(CFilterChain))
#8 E:\wamp\www\yii\framework\web\filters\CInlineFilter.php(58): CController->filterAccessControl(Object(CFilterChain))
#9 E:\wamp\www\yii\framework\web\filters\CFilterChain.php(130): CInlineFilter->filter(Object(CFilterChain))
#10 E:\wamp\www\yii\framework\web\CController.php(291): CFilterChain->run()
#11 E:\wamp\www\yii\framework\web\CController.php(265): CController->runActionWithFilters(Object(CInlineAction), Array)
#12 E:\wamp\www\yii\framework\web\CWebApplication.php(282): CController->run('view')
#13 E:\wamp\www\yii\framework\web\CWebApplication.php(141): CWebApplication->runController('menu/view')
#14 E:\wamp\www\yii\framework\base\CApplication.php(169): CWebApplication->processRequest()
#15 E:\wamp\www\yii\newwebapp\index.php(13): CApplication->run()
#16 {main}
REQUEST_URI=/yii/newwebapp/index.php?r=menu/view&id=23
---
2013/07/19 08:44:39 [error] [exception.CHttpException.404] exception 'CHttpException' with message 'The system is unable to find the requested action "arti".' in E:\wamp\www\yii\framework\web\CController.php:483
Stack trace:
#0 E:\wamp\www\yii\framework\web\CController.php(270): CController->missingAction('arti')
#1 E:\wamp\www\yii\framework\web\CWebApplication.php(282): CController->run('arti')
#2 E:\wamp\www\yii\framework\web\CWebApplication.php(141): CWebApplication->runController('/site/arti')
#3 E:\wamp\www\yii\framework\base\CApplication.php(169): CWebApplication->processRequest()
#4 E:\wamp\www\yii\newwebapp\index.php(13): CApplication->run()
#5 {main}
REQUEST_URI=/yii/newwebapp/index.php?r=/site/arti
---
2013/07/19 08:45:44 [error] [exception.CHttpException.404] exception 'CHttpException' with message 'The system is unable to find the requested action "arti".' in E:\wamp\www\yii\framework\web\CController.php:483
Stack trace:
#0 E:\wamp\www\yii\framework\web\CController.php(270): CController->missingAction('arti')
#1 E:\wamp\www\yii\framework\web\CWebApplication.php(282): CController->run('arti')
#2 E:\wamp\www\yii\framework\web\CWebApplication.php(141): CWebApplication->runController('/site/arti')
#3 E:\wamp\www\yii\framework\base\CApplication.php(169): CWebApplication->processRequest()
#4 E:\wamp\www\yii\newwebapp\index.php(13): CApplication->run()
#5 {main}
REQUEST_URI=/yii/newwebapp/index.php?r=/site/arti
---
2013/07/19 08:46:44 [error] [exception.CHttpException.404] exception 'CHttpException' with message 'The system is unable to find the requested action "arti".' in E:\wamp\www\yii\framework\web\CController.php:483
Stack trace:
#0 E:\wamp\www\yii\framework\web\CController.php(270): CController->missingAction('arti')
#1 E:\wamp\www\yii\framework\web\CWebApplication.php(282): CController->run('arti')
#2 E:\wamp\www\yii\framework\web\CWebApplication.php(141): CWebApplication->runController('/site/arti')
#3 E:\wamp\www\yii\framework\base\CApplication.php(169): CWebApplication->processRequest()
#4 E:\wamp\www\yii\newwebapp\index.php(13): CApplication->run()
#5 {main}
REQUEST_URI=/yii/newwebapp/index.php?r=/site/arti
---
2013/07/19 08:47:39 [error] [exception.CHttpException.404] exception 'CHttpException' with message 'Unable to resolve the request "ere".' in E:\wamp\www\yii\framework\web\CWebApplication.php:286
Stack trace:
#0 E:\wamp\www\yii\framework\web\CWebApplication.php(141): CWebApplication->runController('ere')
#1 E:\wamp\www\yii\framework\base\CApplication.php(169): CWebApplication->processRequest()
#2 E:\wamp\www\yii\newwebapp\index.php(13): CApplication->run()
#3 {main}
REQUEST_URI=/yii/newwebapp/index.php?r=ere
---
2013/07/19 09:29:03 [error] [exception.CException] exception 'CException' with message 'Property "Menu.image" is not defined.' in E:\wamp\www\yii\framework\base\CComponent.php:130
Stack trace:
#0 E:\wamp\www\yii\framework\db\ar\CActiveRecord.php(143): CComponent->__get('image')
#1 E:\wamp\www\yii\newwebapp\protected\views\menu\_view.php(29): CActiveRecord->__get('image')
#2 E:\wamp\www\yii\framework\web\CBaseController.php(130): require('E:\wamp\www\yii...')
#3 E:\wamp\www\yii\framework\web\CBaseController.php(95): CBaseController->renderInternal('E:\wamp\www\yii...', Array, false)
#4 E:\wamp\www\yii\framework\zii\widgets\CListView.php(281): CBaseController->renderFile('E:\wamp\www\yii...', Array)
#5 E:\wamp\www\yii\framework\zii\widgets\CBaseListView.php(160): CListView->renderItems()
#6 [internal function]: CBaseListView->renderSection(Array)
#7 E:\wamp\www\yii\framework\zii\widgets\CBaseListView.php(143): preg_replace_callback('/{(\w+)}/', Array, '{summary}?{sort...')
#8 E:\wamp\www\yii\framework\zii\widgets\CBaseListView.php(128): CBaseListView->renderContent()
#9 E:\wamp\www\yii\framework\web\CBaseController.php(173): CBaseListView->run()
#10 E:\wamp\www\yii\newwebapp\protected\views\menu\index.php(20): CBaseController->widget('zii.widgets.CLi...', Array)
#11 E:\wamp\www\yii\framework\web\CBaseController.php(126): require('E:\wamp\www\yii...')
#12 E:\wamp\www\yii\framework\web\CBaseController.php(95): CBaseController->renderInternal('E:\wamp\www\yii...', Array, true)
#13 E:\wamp\www\yii\framework\web\CController.php(869): CBaseController->renderFile('E:\wamp\www\yii...', Array, true)
#14 E:\wamp\www\yii\framework\web\CController.php(782): CController->renderPartial('index', Array, true)
#15 E:\wamp\www\yii\newwebapp\protected\controllers\MenuController.php(128): CController->render('index', Array)
#16 E:\wamp\www\yii\framework\web\actions\CInlineAction.php(49): MenuController->actionIndex()
#17 E:\wamp\www\yii\framework\web\CController.php(308): CInlineAction->runWithParams(Array)
#18 E:\wamp\www\yii\framework\web\filters\CFilterChain.php(133): CController->runAction(Object(CInlineAction))
#19 E:\wamp\www\yii\framework\web\filters\CFilter.php(40): CFilterChain->run()
#20 E:\wamp\www\yii\framework\web\CController.php(1145): CFilter->filter(Object(CFilterChain))
#21 E:\wamp\www\yii\framework\web\filters\CInlineFilter.php(58): CController->filterAccessControl(Object(CFilterChain))
#22 E:\wamp\www\yii\framework\web\filters\CFilterChain.php(130): CInlineFilter->filter(Object(CFilterChain))
#23 E:\wamp\www\yii\framework\web\CController.php(291): CFilterChain->run()
#24 E:\wamp\www\yii\framework\web\CController.php(265): CController->runActionWithFilters(Object(CInlineAction), Array)
#25 E:\wamp\www\yii\framework\web\CWebApplication.php(282): CController->run('')
#26 E:\wamp\www\yii\framework\web\CWebApplication.php(141): CWebApplication->runController('menu')
#27 E:\wamp\www\yii\framework\base\CApplication.php(169): CWebApplication->processRequest()
#28 E:\wamp\www\yii\newwebapp\index.php(13): CApplication->run()
#29 {main}
REQUEST_URI=/yii/newwebapp/index.php?r=menu
HTTP_REFERER=http://localhost/yii/newwebapp/index.php?r=menu/admin
---
2013/07/19 10:30:26 [error] [php] mail(): Failed to connect to mailserver at &quot;localhost&quot; port 25, verify your &quot;SMTP&quot; and &quot;smtp_port&quot; setting in php.ini or use ini_set() (E:\wamp\www\yii\newwebapp\protected\controllers\SiteController.php:133)
Stack trace:
#0 E:\wamp\www\yii\framework\web\CController.php(308): CInlineAction->runWithParams()
#1 E:\wamp\www\yii\framework\web\filters\CFilterChain.php(133): SiteController->runAction()
#2 E:\wamp\www\yii\newwebapp\protected\controllers\SiteController.php(216): CFilterChain->run()
#3 E:\wamp\www\yii\framework\web\filters\CInlineFilter.php(58): SiteController->filterLoadMenu()
#4 E:\wamp\www\yii\framework\web\filters\CFilterChain.php(130): CInlineFilter->filter()
#5 E:\wamp\www\yii\newwebapp\protected\controllers\SiteController.php(208): CFilterChain->run()
#6 E:\wamp\www\yii\framework\web\filters\CInlineFilter.php(58): SiteController->filterSelectLang()
#7 E:\wamp\www\yii\framework\web\filters\CFilterChain.php(130): CInlineFilter->filter()
#8 E:\wamp\www\yii\framework\web\CController.php(291): CFilterChain->run()
#9 E:\wamp\www\yii\framework\web\CController.php(265): SiteController->runActionWithFilters()
#10 E:\wamp\www\yii\framework\web\CWebApplication.php(282): SiteController->run()
#11 E:\wamp\www\yii\framework\web\CWebApplication.php(141): CWebApplication->runController()
#12 E:\wamp\www\yii\framework\base\CApplication.php(169): CWebApplication->processRequest()
#13 E:\wamp\www\yii\newwebapp\index.php(13): CWebApplication->run()
REQUEST_URI=/yii/newwebapp/index.php?r=/site/contact
in E:\wamp\www\yii\newwebapp\protected\controllers\SiteController.php (133)
in E:\wamp\www\yii\newwebapp\protected\controllers\SiteController.php (216)
in E:\wamp\www\yii\newwebapp\protected\controllers\SiteController.php (208)
2013/07/22 09:53:52 [error] [system.db.CDbCommand] CDbCommand::fetchAll() failed: SQLSTATE[42S02]: Base table or view not found: 1146 Table 'watpottm.menu' doesn't exist. The SQL statement executed was: SHOW FULL COLUMNS FROM `menu`.
in D:\wamp\www\watpomassage\protected\models\Menu.php (31)
in D:\wamp\www\watpomassage\protected\controllers\SiteController.php (230)
in D:\wamp\www\watpomassage\protected\controllers\SiteController.php (213)
2013/07/22 09:53:52 [error] [exception.CDbException] exception 'CDbException' with message 'The table "menu" for active record class "Menu" cannot be found in the database.' in D:\wamp\www\yii\framework\db\ar\CActiveRecord.php:2310
Stack trace:
#0 D:\wamp\www\yii\framework\db\ar\CActiveRecord.php(387): CActiveRecordMetaData->__construct(Object(Menu))
#1 D:\wamp\www\watpomassage\protected\models\Menu.php(31): CActiveRecord::model('Menu')
#2 D:\wamp\www\watpomassage\protected\controllers\SiteController.php(230): Menu::model()
#3 D:\wamp\www\watpomassage\protected\controllers\SiteController.php(213): SiteController->fetchMenu('SITE', 'en')
#4 D:\wamp\www\yii\framework\web\filters\CInlineFilter.php(58): SiteController->filterLoadMenu(Object(CFilterChain))
#5 D:\wamp\www\yii\framework\web\filters\CFilterChain.php(130): CInlineFilter->filter(Object(CFilterChain))
#6 D:\wamp\www\watpomassage\protected\controllers\SiteController.php(208): CFilterChain->run()
#7 D:\wamp\www\yii\framework\web\filters\CInlineFilter.php(58): SiteController->filterSelectLang(Object(CFilterChain))
#8 D:\wamp\www\yii\framework\web\filters\CFilterChain.php(130): CInlineFilter->filter(Object(CFilterChain))
#9 D:\wamp\www\yii\framework\web\CController.php(291): CFilterChain->run()
#10 D:\wamp\www\yii\framework\web\CController.php(265): CController->runActionWithFilters(Object(CInlineAction), Array)
#11 D:\wamp\www\yii\framework\web\CWebApplication.php(282): CController->run('')
#12 D:\wamp\www\yii\framework\web\CWebApplication.php(141): CWebApplication->runController('')
#13 D:\wamp\www\yii\framework\base\CApplication.php(169): CWebApplication->processRequest()
#14 D:\wamp\www\watpomassage\index.php(13): CApplication->run()
#15 {main}
REQUEST_URI=/watpomassage/index.php
HTTP_REFERER=http://192.168.1.2:8080/watpomassage/index.php?r=site/login
---
2013/07/22 10:47:54 [error] [system.db.CDbCommand] CDbCommand::execute() failed: SQLSTATE[23000]: Integrity constraint violation: 1062 Duplicate entry '0' for key 'PRIMARY'. The SQL statement executed was: INSERT INTO `article_category` (`category_cd`, `category_desc`) VALUES (:yp0, :yp1).
in D:\wamp\www\watpomassage\protected\controllers\ArticleCategoryController.php (73)
in D:\wamp\www\watpomassage\index.php (13)
2013/07/22 10:47:54 [error] [exception.CDbException] exception 'CDbException' with message 'CDbCommand failed to execute the SQL statement: SQLSTATE[23000]: Integrity constraint violation: 1062 Duplicate entry '0' for key 'PRIMARY'. The SQL statement executed was: INSERT INTO `article_category` (`category_cd`, `category_desc`) VALUES (:yp0, :yp1)' in D:\wamp\www\yii\framework\db\CDbCommand.php:357
Stack trace:
#0 D:\wamp\www\yii\framework\db\ar\CActiveRecord.php(1023): CDbCommand->execute()
#1 D:\wamp\www\yii\framework\db\ar\CActiveRecord.php(795): CActiveRecord->insert(NULL)
#2 D:\wamp\www\watpomassage\protected\controllers\ArticleCategoryController.php(73): CActiveRecord->save()
#3 D:\wamp\www\yii\framework\web\actions\CInlineAction.php(49): ArticleCategoryController->actionCreate()
#4 D:\wamp\www\yii\framework\web\CController.php(308): CInlineAction->runWithParams(Array)
#5 D:\wamp\www\yii\framework\web\filters\CFilterChain.php(133): CController->runAction(Object(CInlineAction))
#6 D:\wamp\www\yii\framework\web\filters\CFilter.php(40): CFilterChain->run()
#7 D:\wamp\www\yii\framework\web\CController.php(1145): CFilter->filter(Object(CFilterChain))
#8 D:\wamp\www\yii\framework\web\filters\CInlineFilter.php(58): CController->filterAccessControl(Object(CFilterChain))
#9 D:\wamp\www\yii\framework\web\filters\CFilterChain.php(130): CInlineFilter->filter(Object(CFilterChain))
#10 D:\wamp\www\yii\framework\web\CController.php(291): CFilterChain->run()
#11 D:\wamp\www\yii\framework\web\CController.php(265): CController->runActionWithFilters(Object(CInlineAction), Array)
#12 D:\wamp\www\yii\framework\web\CWebApplication.php(282): CController->run('create')
#13 D:\wamp\www\yii\framework\web\CWebApplication.php(141): CWebApplication->runController('articleCategory...')
#14 D:\wamp\www\yii\framework\base\CApplication.php(169): CWebApplication->processRequest()
#15 D:\wamp\www\watpomassage\index.php(13): CApplication->run()
#16 {main}
REQUEST_URI=/watpomassage/index.php?r=articleCategory/create
HTTP_REFERER=http://192.168.1.2:8080/watpomassage/index.php?r=articleCategory/create
---
2013/07/23 15:32:39 [warning] [application] Failed to set unsafe attribute "link" of "Image".
in D:\wamp\www\watpomassage\protected\controllers\ImageController.php (72)
in D:\wamp\www\watpomassage\index.php (13)
2013/07/23 15:33:47 [warning] [application] Failed to set unsafe attribute "link" of "Image".
in D:\wamp\www\watpomassage\protected\controllers\ImageController.php (102)
in D:\wamp\www\watpomassage\index.php (13)
2013/07/23 15:34:40 [warning] [application] Failed to set unsafe attribute "link" of "Image".
in D:\wamp\www\watpomassage\protected\controllers\ImageController.php (102)
in D:\wamp\www\watpomassage\index.php (13)
2013/07/23 15:35:52 [warning] [application] Failed to set unsafe attribute "link" of "Image".
in D:\wamp\www\watpomassage\protected\controllers\ImageController.php (102)
in D:\wamp\www\watpomassage\index.php (13)
2013/07/23 15:36:05 [warning] [application] Failed to set unsafe attribute "link" of "Image".
in D:\wamp\www\watpomassage\protected\controllers\ImageController.php (102)
in D:\wamp\www\watpomassage\index.php (13)
2013/07/23 15:38:16 [warning] [application] Failed to set unsafe attribute "link" of "Image".
in D:\wamp\www\watpomassage\protected\controllers\ImageController.php (103)
in D:\wamp\www\watpomassage\index.php (13)
2013/07/23 15:41:06 [warning] [application] Failed to set unsafe attribute "link" of "Image".
in D:\wamp\www\watpomassage\protected\controllers\ImageController.php (72)
in D:\wamp\www\watpomassage\index.php (13)
2013/07/23 15:44:15 [warning] [application] Failed to set unsafe attribute "link" of "Image".
in D:\wamp\www\watpomassage\protected\controllers\ImageController.php (103)
in D:\wamp\www\watpomassage\index.php (13)
2013/07/23 15:49:59 [warning] [application] Failed to set unsafe attribute "link" of "Image".
in D:\wamp\www\watpomassage\protected\controllers\ImageController.php (108)
in D:\wamp\www\watpomassage\index.php (13)
2013/07/23 15:49:59 [error] [php] move_uploaded_file(D:\wamp\www\watpomassage\protected/../siteimages/siteimages/bage-busy.png): failed to open stream: No such file or directory (D:\wamp\www\yii\framework\web\CUploadedFile.php:196)
Stack trace:
#0 unknown(0): ImageController->actionUpdate()
#1 D:\wamp\www\yii\framework\web\actions\CAction.php(108): ReflectionMethod->invokeArgs()
#2 D:\wamp\www\yii\framework\web\actions\CInlineAction.php(47): CInlineAction->runWithParamsInternal()
#3 D:\wamp\www\yii\framework\web\CController.php(308): CInlineAction->runWithParams()
#4 D:\wamp\www\yii\framework\web\filters\CFilterChain.php(133): ImageController->runAction()
#5 D:\wamp\www\yii\framework\web\filters\CFilter.php(40): CFilterChain->run()
#6 D:\wamp\www\yii\framework\web\CController.php(1145): CAccessControlFilter->filter()
#7 D:\wamp\www\yii\framework\web\filters\CInlineFilter.php(58): ImageController->filterAccessControl()
#8 D:\wamp\www\yii\framework\web\filters\CFilterChain.php(130): CInlineFilter->filter()
#9 D:\wamp\www\yii\framework\web\CController.php(291): CFilterChain->run()
#10 D:\wamp\www\yii\framework\web\CController.php(265): ImageController->runActionWithFilters()
#11 D:\wamp\www\yii\framework\web\CWebApplication.php(282): ImageController->run()
#12 D:\wamp\www\yii\framework\web\CWebApplication.php(141): CWebApplication->runController()
#13 D:\wamp\www\yii\framework\base\CApplication.php(169): CWebApplication->processRequest()
#14 D:\wamp\www\watpomassage\index.php(13): CWebApplication->run()
REQUEST_URI=/watpomassage/index.php?r=image/update&id=2
in D:\wamp\www\watpomassage\protected\controllers\ImageController.php (119)
in D:\wamp\www\watpomassage\index.php (13)
2013/07/23 15:50:34 [warning] [application] Failed to set unsafe attribute "link" of "Image".
in D:\wamp\www\watpomassage\protected\controllers\ImageController.php (108)
in D:\wamp\www\watpomassage\index.php (13)
2013/07/23 15:51:05 [warning] [application] Failed to set unsafe attribute "link" of "Image".
in D:\wamp\www\watpomassage\protected\controllers\ImageController.php (72)
in D:\wamp\www\watpomassage\index.php (13)
2013/07/24 06:08:39 [error] [php] Undefined variable: returnMenu (D:\wamp\www\watpomassage\protected\controllers\SiteController.php:263)
Stack trace:
#0 D:\wamp\www\yii\framework\web\CController.php(308): CInlineAction->runWithParams()
#1 D:\wamp\www\yii\framework\web\filters\CFilterChain.php(133): SiteController->runAction()
#2 D:\wamp\www\watpomassage\protected\controllers\SiteController.php(224): CFilterChain->run()
#3 D:\wamp\www\yii\framework\web\filters\CInlineFilter.php(58): SiteController->filterLoadMenu()
#4 D:\wamp\www\yii\framework\web\filters\CFilterChain.php(130): CInlineFilter->filter()
#5 D:\wamp\www\watpomassage\protected\controllers\SiteController.php(216): CFilterChain->run()
#6 D:\wamp\www\yii\framework\web\filters\CInlineFilter.php(58): SiteController->filterSelectLang()
#7 D:\wamp\www\yii\framework\web\filters\CFilterChain.php(130): CInlineFilter->filter()
#8 D:\wamp\www\yii\framework\web\CController.php(291): CFilterChain->run()
#9 D:\wamp\www\yii\framework\web\CController.php(265): SiteController->runActionWithFilters()
#10 D:\wamp\www\yii\framework\web\CWebApplication.php(282): SiteController->run()
#11 D:\wamp\www\yii\framework\web\CWebApplication.php(141): CWebApplication->runController()
#12 D:\wamp\www\yii\framework\base\CApplication.php(169): CWebApplication->processRequest()
#13 D:\wamp\www\watpomassage\index.php(13): CWebApplication->run()
REQUEST_URI=/watpomassage/index.php?r=/site/gallery
in D:\wamp\www\watpomassage\protected\controllers\SiteController.php (263)
in D:\wamp\www\watpomassage\protected\controllers\SiteController.php (69)
in D:\wamp\www\watpomassage\protected\controllers\SiteController.php (224)
2013/07/24 06:33:35 [warning] [application] Failed to set unsafe attribute "link" of "Image".
in D:\wamp\www\watpomassage\protected\controllers\ImageController.php (108)
in D:\wamp\www\watpomassage\index.php (13)
2013/07/24 06:33:49 [warning] [application] Failed to set unsafe attribute "link" of "Image".
in D:\wamp\www\watpomassage\protected\controllers\ImageController.php (108)
in D:\wamp\www\watpomassage\index.php (13)
2013/07/24 06:33:58 [warning] [application] Failed to set unsafe attribute "link" of "Image".
in D:\wamp\www\watpomassage\protected\controllers\ImageController.php (108)
in D:\wamp\www\watpomassage\index.php (13)
2013/07/24 06:51:11 [error] [php] Undefined index: height (D:\wamp\www\watpomassage\protected\components\views\uiCarousel.php:25)
Stack trace:
#0 D:\wamp\www\yii\framework\web\widgets\CWidget.php(243): UICarousel->renderFile()
#1 D:\wamp\www\watpomassage\protected\components\UICarousel.php(13): UICarousel->render()
#2 D:\wamp\www\yii\framework\web\CBaseController.php(173): UICarousel->run()
#3 D:\wamp\www\watpomassage\protected\views\site\index.php(24): SiteController->widget()
#4 D:\wamp\www\yii\framework\web\CBaseController.php(126): require()
#5 D:\wamp\www\yii\framework\web\CBaseController.php(95): SiteController->renderInternal()
#6 D:\wamp\www\yii\framework\web\CController.php(869): SiteController->renderFile()
#7 D:\wamp\www\yii\framework\web\CController.php(782): SiteController->renderPartial()
#8 D:\wamp\www\watpomassage\protected\controllers\SiteController.php(42): SiteController->render()
#9 D:\wamp\www\yii\framework\web\actions\CInlineAction.php(49): SiteController->actionIndex()
#10 D:\wamp\www\yii\framework\web\CController.php(308): CInlineAction->runWithParams()
#11 D:\wamp\www\yii\framework\web\filters\CFilterChain.php(133): SiteController->runAction()
#12 D:\wamp\www\watpomassage\protected\controllers\SiteController.php(224): CFilterChain->run()
#13 D:\wamp\www\yii\framework\web\filters\CInlineFilter.php(58): SiteController->filterLoadMenu()
#14 D:\wamp\www\yii\framework\web\filters\CFilterChain.php(130): CInlineFilter->filter()
#15 D:\wamp\www\watpomassage\protected\controllers\SiteController.php(216): CFilterChain->run()
#16 D:\wamp\www\yii\framework\web\filters\CInlineFilter.php(58): SiteController->filterSelectLang()
#17 D:\wamp\www\yii\framework\web\filters\CFilterChain.php(130): CInlineFilter->filter()
#18 D:\wamp\www\yii\framework\web\CController.php(291): CFilterChain->run()
#19 D:\wamp\www\yii\framework\web\CController.php(265): SiteController->runActionWithFilters()
#20 D:\wamp\www\yii\framework\web\CWebApplication.php(282): SiteController->run()
#21 D:\wamp\www\yii\framework\web\CWebApplication.php(141): CWebApplication->runController()
#22 D:\wamp\www\yii\framework\base\CApplication.php(169): CWebApplication->processRequest()
#23 D:\wamp\www\watpomassage\index.php(13): CWebApplication->run()
REQUEST_URI=/watpomassage/index.php
in D:\wamp\www\watpomassage\protected\components\views\uiCarousel.php (25)
in D:\wamp\www\watpomassage\protected\components\UICarousel.php (13)
in D:\wamp\www\watpomassage\protected\views\site\index.php (24)
2013/07/24 07:34:21 [warning] [application] Failed to set unsafe attribute "link" of "Image".
in D:\wamp\www\watpomassage\protected\controllers\ImageController.php (108)
in D:\wamp\www\watpomassage\index.php (13)
2013/07/24 07:35:04 [warning] [application] Failed to set unsafe attribute "link" of "Image".
in D:\wamp\www\watpomassage\protected\controllers\ImageController.php (108)
in D:\wamp\www\watpomassage\index.php (13)
2013/07/24 07:35:37 [warning] [application] Failed to set unsafe attribute "link" of "Image".
in D:\wamp\www\watpomassage\protected\controllers\ImageController.php (108)
in D:\wamp\www\watpomassage\index.php (13)
2013/07/24 08:16:19 [warning] [application] Failed to set unsafe attribute "interest" of "Article".
in D:\wamp\www\watpomassage\protected\controllers\ArticleController.php (96)
in D:\wamp\www\watpomassage\index.php (13)
2013/07/24 08:19:49 [error] [php] include(booelan.php): failed to open stream: No such file or directory (D:\wamp\www\yii\framework\YiiBase.php:421)
Stack trace:
#0 D:\wamp\www\yii\framework\validators\CValidator.php(186): import()
#1 D:\wamp\www\yii\framework\base\CModel.php(286): createValidator()
#2 D:\wamp\www\yii\framework\base\CModel.php(260): Article->createValidators()
#3 D:\wamp\www\yii\framework\base\CModel.php(303): Article->getValidators()
#4 D:\wamp\www\yii\framework\web\helpers\CHtml.php(1237): Article->isAttributeRequired()
#5 D:\wamp\www\yii\framework\web\widgets\CActiveForm.php(562): activeLabelEx()
#6 D:\wamp\www\watpomassage\protected\views\article\_form.php(19): CActiveForm->labelEx()
#7 D:\wamp\www\yii\framework\web\CBaseController.php(126): require()
#8 D:\wamp\www\yii\framework\web\CBaseController.php(95): ArticleController->renderInternal()
#9 D:\wamp\www\yii\framework\web\CController.php(869): ArticleController->renderFile()
#10 D:\wamp\www\watpomassage\protected\views\article\update.php(21): ArticleController->renderPartial()
#11 D:\wamp\www\yii\framework\web\CBaseController.php(126): require()
#12 D:\wamp\www\yii\framework\web\CBaseController.php(95): ArticleController->renderInternal()
#13 D:\wamp\www\yii\framework\web\CController.php(869): ArticleController->renderFile()
#14 D:\wamp\www\yii\framework\web\CController.php(782): ArticleController->renderPartial()
#15 D:\wamp\www\watpomassage\protected\controllers\ArticleController.php(103): ArticleController->render()
#16 unknown(0): ArticleController->actionUpdate()
#17 D:\wamp\www\yii\framework\web\actions\CAction.php(108): ReflectionMethod->invokeArgs()
#18 D:\wamp\www\yii\framework\web\actions\CInlineAction.php(47): CInlineAction->runWithParamsInternal()
#19 D:\wamp\www\yii\framework\web\CController.php(308): CInlineAction->runWithParams()
#20 D:\wamp\www\yii\framework\web\filters\CFilterChain.php(133): ArticleController->runAction()
#21 D:\wamp\www\yii\framework\web\filters\CFilter.php(40): CFilterChain->run()
#22 D:\wamp\www\yii\framework\web\CController.php(1145): CAccessControlFilter->filter()
#23 D:\wamp\www\yii\framework\web\filters\CInlineFilter.php(58): ArticleController->filterAccessControl()
#24 D:\wamp\www\yii\framework\web\filters\CFilterChain.php(130): CInlineFilter->filter()
#25 D:\wamp\www\yii\framework\web\CController.php(291): CFilterChain->run()
#26 D:\wamp\www\yii\framework\web\CController.php(265): ArticleController->runActionWithFilters()
#27 D:\wamp\www\yii\framework\web\CWebApplication.php(282): ArticleController->run()
#28 D:\wamp\www\yii\framework\web\CWebApplication.php(141): CWebApplication->runController()
#29 D:\wamp\www\yii\framework\base\CApplication.php(169): CWebApplication->processRequest()
#30 D:\wamp\www\watpomassage\index.php(13): CWebApplication->run()
REQUEST_URI=/watpomassage/index.php?r=article/update&id=1
in D:\wamp\www\watpomassage\protected\views\article\_form.php (19)
in D:\wamp\www\watpomassage\protected\views\article\update.php (21)
in D:\wamp\www\watpomassage\protected\controllers\ArticleController.php (103)
2013/07/29 08:48:55 [warning] [application] Failed to set unsafe attribute "link" of "Image".
in D:\wamp\www\watpomassage\protected\controllers\ImageController.php (72)
in D:\wamp\www\watpomassage\index.php (13)
2013/07/29 08:49:55 [warning] [application] Failed to set unsafe attribute "link" of "Image".
in D:\wamp\www\watpomassage\protected\controllers\ImageController.php (72)
in D:\wamp\www\watpomassage\index.php (13)
2013/07/29 08:50:27 [warning] [application] Failed to set unsafe attribute "link" of "Image".
in D:\wamp\www\watpomassage\protected\controllers\ImageController.php (72)
in D:\wamp\www\watpomassage\index.php (13)
2013/07/29 08:50:59 [warning] [application] Failed to set unsafe attribute "link" of "Image".
in D:\wamp\www\watpomassage\protected\controllers\ImageController.php (72)
in D:\wamp\www\watpomassage\index.php (13)
2013/07/29 08:51:24 [warning] [application] Failed to set unsafe attribute "link" of "Image".
in D:\wamp\www\watpomassage\protected\controllers\ImageController.php (72)
in D:\wamp\www\watpomassage\index.php (13)
2013/07/29 08:59:03 [error] [php] Undefined variable: album (D:\wamp\www\watpomassage\protected\views\site\index.php:27)
Stack trace:
#0 D:\wamp\www\yii\framework\web\CController.php(869): SiteController->renderFile()
#1 D:\wamp\www\yii\framework\web\CController.php(782): SiteController->renderPartial()
#2 D:\wamp\www\watpomassage\protected\controllers\SiteController.php(42): SiteController->render()
#3 D:\wamp\www\yii\framework\web\actions\CInlineAction.php(49): SiteController->actionIndex()
#4 D:\wamp\www\yii\framework\web\CController.php(308): CInlineAction->runWithParams()
#5 D:\wamp\www\yii\framework\web\filters\CFilterChain.php(133): SiteController->runAction()
#6 D:\wamp\www\watpomassage\protected\controllers\SiteController.php(224): CFilterChain->run()
#7 D:\wamp\www\yii\framework\web\filters\CInlineFilter.php(58): SiteController->filterLoadMenu()
#8 D:\wamp\www\yii\framework\web\filters\CFilterChain.php(130): CInlineFilter->filter()
#9 D:\wamp\www\watpomassage\protected\controllers\SiteController.php(216): CFilterChain->run()
#10 D:\wamp\www\yii\framework\web\filters\CInlineFilter.php(58): SiteController->filterSelectLang()
#11 D:\wamp\www\yii\framework\web\filters\CFilterChain.php(130): CInlineFilter->filter()
#12 D:\wamp\www\yii\framework\web\CController.php(291): CFilterChain->run()
#13 D:\wamp\www\yii\framework\web\CController.php(265): SiteController->runActionWithFilters()
#14 D:\wamp\www\yii\framework\web\CWebApplication.php(282): SiteController->run()
#15 D:\wamp\www\yii\framework\web\CWebApplication.php(141): CWebApplication->runController()
#16 D:\wamp\www\yii\framework\base\CApplication.php(169): CWebApplication->processRequest()
#17 D:\wamp\www\watpomassage\index.php(13): CWebApplication->run()
REQUEST_URI=/watpomassage/index.php
in D:\wamp\www\watpomassage\protected\views\site\index.php (27)
in D:\wamp\www\watpomassage\protected\controllers\SiteController.php (42)
in D:\wamp\www\watpomassage\protected\controllers\SiteController.php (224)
2013/07/31 04:28:19 [warning] [application] Failed to set unsafe attribute "link" of "Image".
in D:\wamp\www\watpomassage\protected\controllers\ImageController.php (72)
in D:\wamp\www\watpomassage\index.php (13)
2013/07/31 04:31:04 [warning] [application] Failed to set unsafe attribute "link" of "Image".
in D:\wamp\www\watpomassage\protected\controllers\ImageController.php (72)
in D:\wamp\www\watpomassage\index.php (13)
2013/07/31 16:28:17 [warning] [application] Failed to set unsafe attribute "link" of "Image".
in D:\wamp\www\watpomassage\protected\controllers\ImageController.php (72)
in D:\wamp\www\watpomassage\index.php (13)
2013/07/31 16:28:59 [warning] [application] Failed to set unsafe attribute "link" of "Image".
in D:\wamp\www\watpomassage\protected\controllers\ImageController.php (72)
in D:\wamp\www\watpomassage\index.php (13)
2013/08/17 14:57:27 [error] [php] Undefined index: header_en (D:\wamp\www\watpomassage\protected\views\site\index.php:30)
Stack trace:
#0 D:\wamp\www\yii\framework\web\CController.php(869): SiteController->renderFile()
#1 D:\wamp\www\yii\framework\web\CController.php(782): SiteController->renderPartial()
#2 D:\wamp\www\watpomassage\protected\controllers\SiteController.php(44): SiteController->render()
#3 D:\wamp\www\yii\framework\web\actions\CInlineAction.php(49): SiteController->actionIndex()
#4 D:\wamp\www\yii\framework\web\CController.php(308): CInlineAction->runWithParams()
#5 D:\wamp\www\yii\framework\web\filters\CFilterChain.php(133): SiteController->runAction()
#6 D:\wamp\www\watpomassage\protected\controllers\SiteController.php(226): CFilterChain->run()
#7 D:\wamp\www\yii\framework\web\filters\CInlineFilter.php(58): SiteController->filterLoadMenu()
#8 D:\wamp\www\yii\framework\web\filters\CFilterChain.php(130): CInlineFilter->filter()
#9 D:\wamp\www\watpomassage\protected\controllers\SiteController.php(218): CFilterChain->run()
#10 D:\wamp\www\yii\framework\web\filters\CInlineFilter.php(58): SiteController->filterSelectLang()
#11 D:\wamp\www\yii\framework\web\filters\CFilterChain.php(130): CInlineFilter->filter()
#12 D:\wamp\www\yii\framework\web\CController.php(291): CFilterChain->run()
#13 D:\wamp\www\yii\framework\web\CController.php(265): SiteController->runActionWithFilters()
#14 D:\wamp\www\yii\framework\web\CWebApplication.php(282): SiteController->run()
#15 D:\wamp\www\yii\framework\web\CWebApplication.php(141): CWebApplication->runController()
#16 D:\wamp\www\yii\framework\base\CApplication.php(169): CWebApplication->processRequest()
#17 D:\wamp\www\watpomassage\index.php(13): CWebApplication->run()
REQUEST_URI=/watpomassage/index.php
in D:\wamp\www\watpomassage\protected\views\site\index.php (30)
in D:\wamp\www\watpomassage\protected\controllers\SiteController.php (44)
in D:\wamp\www\watpomassage\protected\controllers\SiteController.php (226)
2013/08/17 15:22:43 [warning] [application] Failed to set unsafe attribute "link" of "Image".
in D:\wamp\www\watpomassage\protected\controllers\ImageController.php (72)
in D:\wamp\www\watpomassage\index.php (13)
2013/08/17 15:23:07 [warning] [application] Failed to set unsafe attribute "link" of "Image".
in D:\wamp\www\watpomassage\protected\controllers\ImageController.php (72)
in D:\wamp\www\watpomassage\index.php (13)
2013/08/17 15:23:24 [warning] [application] Failed to set unsafe attribute "link" of "Image".
in D:\wamp\www\watpomassage\protected\controllers\ImageController.php (72)
in D:\wamp\www\watpomassage\index.php (13)
2013/08/17 15:23:45 [warning] [application] Failed to set unsafe attribute "link" of "Image".
in D:\wamp\www\watpomassage\protected\controllers\ImageController.php (72)
in D:\wamp\www\watpomassage\index.php (13)
2013/08/17 15:24:03 [warning] [application] Failed to set unsafe attribute "link" of "Image".
in D:\wamp\www\watpomassage\protected\controllers\ImageController.php (72)
in D:\wamp\www\watpomassage\index.php (13)
2013/08/17 15:24:24 [warning] [application] Failed to set unsafe attribute "link" of "Image".
in D:\wamp\www\watpomassage\protected\controllers\ImageController.php (72)
in D:\wamp\www\watpomassage\index.php (13)
2013/08/17 15:24:43 [warning] [application] Failed to set unsafe attribute "link" of "Image".
in D:\wamp\www\watpomassage\protected\controllers\ImageController.php (72)
in D:\wamp\www\watpomassage\index.php (13)
